#
# There is insufficient memory for the Java Runtime Environment to continue.
# Native memory allocation (malloc) failed to allocate 616336 bytes for Chunk::new
# Possible reasons:
#   The system is out of physical RAM or swap space
#   In 32 bit mode, the process size limit was hit
# Possible solutions:
#   Reduce memory load on the system
#   Increase physical memory or swap space
#   Check if swap backing store is full
#   Use 64 bit Java on a 64 bit OS
#   Decrease Java heap size (-Xmx/-Xms)
#   Decrease number of Java threads
#   Decrease Java thread stack sizes (-Xss)
#   Set larger code cache with -XX:ReservedCodeCacheSize=
# This output file may be truncated or incomplete.
#
#  Out of Memory Error (allocation.cpp:390), pid=8556, tid=9996
#
# JRE version: Java(TM) SE Runtime Environment (8.0_91-b14) (build 1.8.0_91-b14)
# Java VM: Java HotSpot(TM) 64-Bit Server VM (25.91-b14 mixed mode windows-amd64 compressed oops)
# Failed to write core dump. Minidumps are not enabled by default on client versions of Windows
#

---------------  T H R E A D  ---------------

Current thread (0x0000000015421000):  JavaThread "C2 CompilerThread1" daemon [_thread_in_native, id=9996, stack(0x0000000016b70000,0x0000000016c70000)]

Stack: [0x0000000016b70000,0x0000000016c70000]
[error occurred during error reporting (printing stack bounds), id 0xc0000005]

Native frames: (J=compiled Java code, j=interpreted, Vv=VM code, C=native code)


Current CompileTask:
C2:  23405 2359 %     4       com.android.dx.ssa.SsaConverter::edgeSplitMoveExceptionsAndResults @ 12 (157 bytes)


---------------  P R O C E S S  ---------------

Java Threads: ( => current thread )
  0x0000000016eee800 JavaThread "pool-2-thread-4" [_thread_in_Java, id=1608, stack(0x0000000017770000,0x0000000017870000)]
  0x0000000016eed800 JavaThread "pool-2-thread-3" [_thread_in_Java, id=8032, stack(0x0000000017670000,0x0000000017770000)]
  0x0000000016ee4800 JavaThread "pool-2-thread-2" [_thread_in_Java, id=9164, stack(0x0000000017570000,0x0000000017670000)]
  0x0000000016ee3800 JavaThread "pool-3-thread-1" [_thread_blocked, id=9100, stack(0x0000000017470000,0x0000000017570000)]
  0x0000000016edb800 JavaThread "pool-2-thread-1" [_thread_blocked, id=12612, stack(0x0000000017370000,0x0000000017470000)]
  0x0000000016c73800 JavaThread "Service Thread" daemon [_thread_blocked, id=12548, stack(0x0000000017170000,0x0000000017270000)]
  0x000000001547d800 JavaThread "C1 CompilerThread2" daemon [_thread_blocked, id=8, stack(0x0000000017070000,0x0000000017170000)]
=>0x0000000015421000 JavaThread "C2 CompilerThread1" daemon [_thread_in_native, id=9996, stack(0x0000000016b70000,0x0000000016c70000)]
  0x000000001541e000 JavaThread "C2 CompilerThread0" daemon [_thread_in_native, id=12588, stack(0x0000000016a70000,0x0000000016b70000)]
  0x000000001541c000 JavaThread "Attach Listener" daemon [_thread_blocked, id=3996, stack(0x0000000016970000,0x0000000016a70000)]
  0x000000001541b000 JavaThread "Signal Dispatcher" daemon [_thread_blocked, id=12552, stack(0x0000000016870000,0x0000000016970000)]
  0x000000001540a800 JavaThread "Finalizer" daemon [_thread_blocked, id=11544, stack(0x0000000016680000,0x0000000016780000)]
  0x0000000002d3f000 JavaThread "Reference Handler" daemon [_thread_blocked, id=12692, stack(0x0000000016580000,0x0000000016680000)]
  0x0000000002c4d800 JavaThread "main" [_thread_in_Java, id=2168, stack(0x0000000002b10000,0x0000000002c10000)]

Other Threads:
  0x00000000153e8000 VMThread [stack: 0x0000000016480000,0x0000000016580000] [id=7220]
  0x0000000016c8b000 WatcherThread [stack: 0x0000000017270000,0x0000000017370000] [id=12580]

VM state:not at safepoint (normal execution)

VM Mutex/Monitor currently owned by a thread: None

Heap:
 PSYoungGen      total 247808K, used 102892K [0x00000000eab00000, 0x0000000100000000, 0x0000000100000000)
  eden space 216064K, 39% used [0x00000000eab00000,0x00000000efdb9658,0x00000000f7e00000)
  from space 31744K, 57% used [0x00000000fcb00000,0x00000000fdcc1c60,0x00000000fea00000)
  to   space 66560K, 0% used [0x00000000f7e00000,0x00000000f7e00000,0x00000000fbf00000)
 ParOldGen       total 121344K, used 120955K [0x00000000c0000000, 0x00000000c7680000, 0x00000000eab00000)
  object space 121344K, 99% used [0x00000000c0000000,0x00000000c761ec78,0x00000000c7680000)
 Metaspace       used 6402K, capacity 7256K, committed 7424K, reserved 1056768K
  class space    used 612K, capacity 656K, committed 768K, reserved 1048576K

Card table byte_map: [0x0000000012110000,0x0000000012320000] byte_map_base: 0x0000000011b10000

Marking Bits: (ParMarkBitMap*) 0x0000000072a82f70
 Begin Bits: [0x0000000012880000, 0x0000000013880000)
 End Bits:   [0x0000000013880000, 0x0000000014880000)

Polling page: 0x0000000002ae0000

CodeCache: size=245760Kb used=9571Kb max_used=9590Kb free=236188Kb
 bounds [0x0000000002d50000, 0x00000000036c0000, 0x0000000011d50000]
 total_blobs=2322 nmethods=2052 adapters=182
 compilation: enabled

Compilation events (10 events):
Event: 16.405 Thread 0x000000001547d800 2342       3       com.android.dx.util.ListIntSet$1::hasNext (23 bytes)
Event: 16.405 Thread 0x000000001547d800 nmethod 2342 0x00000000035ff290 code [0x00000000035ff400, 0x00000000035ff650]
Event: 16.452 Thread 0x0000000015421000 nmethod 2337 0x00000000036a9510 code [0x00000000036a9740, 0x00000000036aacb8]
Event: 16.452 Thread 0x0000000015421000 2338       4       com.android.dx.ssa.SsaConverter::placePhiFunctions (394 bytes)
Event: 23.117 Thread 0x000000001547d800 2355       1       java.lang.ref.Finalizer::access$000 (4 bytes)
Event: 23.118 Thread 0x000000001547d800 nmethod 2355 0x00000000035e9590 code [0x00000000035e96e0, 0x00000000035e97d0]
Event: 23.185 Thread 0x0000000015421000 nmethod 2338 0x00000000036b0c90 code [0x00000000036b0fa0, 0x00000000036b4628]
Event: 23.186 Thread 0x0000000015421000 2356       4       com.android.dx.ssa.SsaConverter::edgeSplitPredecessors (44 bytes)
Event: 23.315 Thread 0x0000000015421000 nmethod 2356 0x00000000036b7b90 code [0x00000000036b7de0, 0x00000000036b9e88]
Event: 23.318 Thread 0x0000000015421000 2359 %     4       com.android.dx.ssa.SsaConverter::edgeSplitMoveExceptionsAndResults @ 12 (157 bytes)

GC Heap History (10 events):
Event: 5.920 GC heap before
{Heap before GC invocations=5 (full 0):
 PSYoungGen      total 71680K, used 71665K [0x00000000eab00000, 0x00000000ef600000, 0x0000000100000000)
  eden space 66560K, 100% used [0x00000000eab00000,0x00000000eec00000,0x00000000eec00000)
  from space 5120K, 99% used [0x00000000ef100000,0x00000000ef5fc448,0x00000000ef600000)
  to   space 5120K, 0% used [0x00000000eec00000,0x00000000eec00000,0x00000000ef100000)
 ParOldGen       total 87552K, used 16991K [0x00000000c0000000, 0x00000000c5580000, 0x00000000eab00000)
  object space 87552K, 19% used [0x00000000c0000000,0x00000000c1097e58,0x00000000c5580000)
 Metaspace       used 6339K, capacity 7192K, committed 7424K, reserved 1056768K
  class space    used 611K, capacity 656K, committed 768K, reserved 1048576K
Event: 6.204 GC heap after
Heap after GC invocations=5 (full 0):
 PSYoungGen      total 71680K, used 5089K [0x00000000eab00000, 0x00000000f4b00000, 0x0000000100000000)
  eden space 66560K, 0% used [0x00000000eab00000,0x00000000eab00000,0x00000000eec00000)
  from space 5120K, 99% used [0x00000000eec00000,0x00000000ef0f8448,0x00000000ef100000)
  to   space 15360K, 0% used [0x00000000f3c00000,0x00000000f3c00000,0x00000000f4b00000)
 ParOldGen       total 87552K, used 26374K [0x00000000c0000000, 0x00000000c5580000, 0x00000000eab00000)
  object space 87552K, 30% used [0x00000000c0000000,0x00000000c19c1920,0x00000000c5580000)
 Metaspace       used 6339K, capacity 7192K, committed 7424K, reserved 1056768K
  class space    used 611K, capacity 656K, committed 768K, reserved 1048576K
}
Event: 8.731 GC heap before
{Heap before GC invocations=6 (full 0):
 PSYoungGen      total 71680K, used 71649K [0x00000000eab00000, 0x00000000f4b00000, 0x0000000100000000)
  eden space 66560K, 100% used [0x00000000eab00000,0x00000000eec00000,0x00000000eec00000)
  from space 5120K, 99% used [0x00000000eec00000,0x00000000ef0f8448,0x00000000ef100000)
  to   space 15360K, 0% used [0x00000000f3c00000,0x00000000f3c00000,0x00000000f4b00000)
 ParOldGen       total 87552K, used 26374K [0x00000000c0000000, 0x00000000c5580000, 0x00000000eab00000)
  object space 87552K, 30% used [0x00000000c0000000,0x00000000c19c1920,0x00000000c5580000)
 Metaspace       used 6373K, capacity 7192K, committed 7424K, reserved 1056768K
  class space    used 611K, capacity 656K, committed 768K, reserved 1048576K
Event: 8.943 GC heap after
Heap after GC invocations=6 (full 0):
 PSYoungGen      total 146944K, used 14273K [0x00000000eab00000, 0x00000000f4e00000, 0x0000000100000000)
  eden space 131584K, 0% used [0x00000000eab00000,0x00000000eab00000,0x00000000f2b80000)
  from space 15360K, 92% used [0x00000000f3c00000,0x00000000f49f0448,0x00000000f4b00000)
  to   space 16896K, 0% used [0x00000000f2b80000,0x00000000f2b80000,0x00000000f3c00000)
 ParOldGen       total 87552K, used 26374K [0x00000000c0000000, 0x00000000c5580000, 0x00000000eab00000)
  object space 87552K, 30% used [0x00000000c0000000,0x00000000c19c1920,0x00000000c5580000)
 Metaspace       used 6373K, capacity 7192K, committed 7424K, reserved 1056768K
  class space    used 611K, capacity 656K, committed 768K, reserved 1048576K
}
Event: 13.313 GC heap before
{Heap before GC invocations=7 (full 0):
 PSYoungGen      total 146944K, used 145857K [0x00000000eab00000, 0x00000000f4e00000, 0x0000000100000000)
  eden space 131584K, 100% used [0x00000000eab00000,0x00000000f2b80000,0x00000000f2b80000)
  from space 15360K, 92% used [0x00000000f3c00000,0x00000000f49f0448,0x00000000f4b00000)
  to   space 16896K, 0% used [0x00000000f2b80000,0x00000000f2b80000,0x00000000f3c00000)
 ParOldGen       total 87552K, used 26374K [0x00000000c0000000, 0x00000000c5580000, 0x00000000eab00000)
  object space 87552K, 30% used [0x00000000c0000000,0x00000000c19c1920,0x00000000c5580000)
 Metaspace       used 6394K, capacity 7192K, committed 7424K, reserved 1056768K
  class space    used 611K, capacity 656K, committed 768K, reserved 1048576K
Event: 13.575 GC heap after
Heap after GC invocations=7 (full 0):
 PSYoungGen      total 148480K, used 16891K [0x00000000eab00000, 0x00000000fea00000, 0x0000000100000000)
  eden space 131584K, 0% used [0x00000000eab00000,0x00000000eab00000,0x00000000f2b80000)
  from space 16896K, 99% used [0x00000000f2b80000,0x00000000f3bfec08,0x00000000f3c00000)
  to   space 31744K, 0% used [0x00000000fcb00000,0x00000000fcb00000,0x00000000fea00000)
 ParOldGen       total 87552K, used 52388K [0x00000000c0000000, 0x00000000c5580000, 0x00000000eab00000)
  object space 87552K, 59% used [0x00000000c0000000,0x00000000c33292f0,0x00000000c5580000)
 Metaspace       used 6394K, capacity 7192K, committed 7424K, reserved 1056768K
  class space    used 611K, capacity 656K, committed 768K, reserved 1048576K
}
Event: 16.761 GC heap before
{Heap before GC invocations=8 (full 0):
 PSYoungGen      total 148480K, used 148475K [0x00000000eab00000, 0x00000000fea00000, 0x0000000100000000)
  eden space 131584K, 100% used [0x00000000eab00000,0x00000000f2b80000,0x00000000f2b80000)
  from space 16896K, 99% used [0x00000000f2b80000,0x00000000f3bfec08,0x00000000f3c00000)
  to   space 31744K, 0% used [0x00000000fcb00000,0x00000000fcb00000,0x00000000fea00000)
 ParOldGen       total 87552K, used 52388K [0x00000000c0000000, 0x00000000c5580000, 0x00000000eab00000)
  object space 87552K, 59% used [0x00000000c0000000,0x00000000c33292f0,0x00000000c5580000)
 Metaspace       used 6402K, capacity 7256K, committed 7424K, reserved 1056768K
  class space    used 612K, capacity 656K, committed 768K, reserved 1048576K
Event: 17.075 GC heap after
Heap after GC invocations=8 (full 0):
 PSYoungGen      total 247808K, used 31723K [0x00000000eab00000, 0x0000000100000000, 0x0000000100000000)
  eden space 216064K, 0% used [0x00000000eab00000,0x00000000eab00000,0x00000000f7e00000)
  from space 31744K, 99% used [0x00000000fcb00000,0x00000000fe9fad08,0x00000000fea00000)
  to   space 66560K, 0% used [0x00000000f7e00000,0x00000000f7e00000,0x00000000fbf00000)
 ParOldGen       total 121344K, used 119585K [0x00000000c0000000, 0x00000000c7680000, 0x00000000eab00000)
  object space 121344K, 98% used [0x00000000c0000000,0x00000000c74c8608,0x00000000c7680000)
 Metaspace       used 6402K, capacity 7256K, committed 7424K, reserved 1056768K
  class space    used 612K, capacity 656K, committed 768K, reserved 1048576K
}
Event: 17.075 GC heap before
{Heap before GC invocations=9 (full 1):
 PSYoungGen      total 247808K, used 31723K [0x00000000eab00000, 0x0000000100000000, 0x0000000100000000)
  eden space 216064K, 0% used [0x00000000eab00000,0x00000000eab00000,0x00000000f7e00000)
  from space 31744K, 99% used [0x00000000fcb00000,0x00000000fe9fad08,0x00000000fea00000)
  to   space 66560K, 0% used [0x00000000f7e00000,0x00000000f7e00000,0x00000000fbf00000)
 ParOldGen       total 121344K, used 119585K [0x00000000c0000000, 0x00000000c7680000, 0x00000000eab00000)
  object space 121344K, 98% used [0x00000000c0000000,0x00000000c74c8608,0x00000000c7680000)
 Metaspace       used 6402K, capacity 7256K, committed 7424K, reserved 1056768K
  class space    used 612K, capacity 656K, committed 768K, reserved 1048576K
Event: 23.116 GC heap after
Heap after GC invocations=9 (full 1):
 PSYoungGen      total 247808K, used 18183K [0x00000000eab00000, 0x0000000100000000, 0x0000000100000000)
  eden space 216064K, 0% used [0x00000000eab00000,0x00000000eab00000,0x00000000f7e00000)
  from space 31744K, 57% used [0x00000000fcb00000,0x00000000fdcc1c60,0x00000000fea00000)
  to   space 66560K, 0% used [0x00000000f7e00000,0x00000000f7e00000,0x00000000fbf00000)
 ParOldGen       total 121344K, used 120955K [0x00000000c0000000, 0x00000000c7680000, 0x00000000eab00000)
  object space 121344K, 99% used [0x00000000c0000000,0x00000000c761ec78,0x00000000c7680000)
 Metaspace       used 6402K, capacity 7256K, committed 7424K, reserved 1056768K
  class space    used 612K, capacity 656K, committed 768K, reserved 1048576K
}

Deoptimization events (10 events):
Event: 10.306 Thread 0x0000000016edb800 Uncommon trap: reason=class_check action=maybe_recompile pc=0x00000000034ac6d8 method=com.android.dx.cf.code.BaseMachine.addResult(Lcom/android/dx/rop/type/TypeBearer;)V @ 23
Event: 11.427 Thread 0x0000000016edb800 Uncommon trap: reason=unstable_if action=reinterpret pc=0x0000000003277654 method=com.android.dx.ssa.SCCP.simulateStmt(Lcom/android/dx/ssa/SsaInsn;)V @ 59
Event: 12.479 Thread 0x0000000016edb800 Uncommon trap: reason=speculate_class_check action=maybe_recompile pc=0x000000000351aa34 method=com.android.dx.rop.cst.TypedConstant.getBasicType()I @ 1
Event: 12.479 Thread 0x0000000016edb800 Uncommon trap: reason=speculate_class_check action=maybe_recompile pc=0x000000000351aa34 method=com.android.dx.rop.cst.TypedConstant.getBasicType()I @ 1
Event: 12.549 Thread 0x0000000002c4d800 Uncommon trap: reason=speculate_class_check action=maybe_recompile pc=0x000000000351aa34 method=com.android.dx.rop.cst.TypedConstant.getBasicType()I @ 1
Event: 16.294 Thread 0x0000000016eee800 Uncommon trap: reason=predicate action=maybe_recompile pc=0x000000000358810c method=com.android.dx.ssa.DomFront.run()[Lcom/android/dx/ssa/DomFront$DomInfo; @ 175
Event: 16.398 Thread 0x0000000016eee800 Uncommon trap: reason=class_check action=maybe_recompile pc=0x0000000003529710 method=com.android.dx.ssa.SsaConverter.placePhiFunctions(Lcom/android/dx/ssa/SsaMethod;Lcom/android/dx/ssa/LocalVariableInfo;I)V @ 257
Event: 16.403 Thread 0x0000000016eee800 Uncommon trap: reason=class_check action=maybe_recompile pc=0x00000000033fd970 method=com.android.dx.ssa.SsaConverter.placePhiFunctions(Lcom/android/dx/ssa/SsaMethod;Lcom/android/dx/ssa/LocalVariableInfo;I)V @ 257
Event: 16.405 Thread 0x0000000016eee800 Uncommon trap: reason=class_check action=maybe_recompile pc=0x00000000033fd970 method=com.android.dx.ssa.SsaConverter.placePhiFunctions(Lcom/android/dx/ssa/SsaMethod;Lcom/android/dx/ssa/LocalVariableInfo;I)V @ 257
Event: 16.406 Thread 0x0000000016eee800 Uncommon trap: reason=class_check action=maybe_recompile pc=0x00000000033fd970 method=com.android.dx.ssa.SsaConverter.placePhiFunctions(Lcom/android/dx/ssa/SsaMethod;Lcom/android/dx/ssa/LocalVariableInfo;I)V @ 257

Internal exceptions (5 events):
Event: 0.840 Thread 0x0000000002c4d800 Exception <a 'java/lang/NoSuchMethodError': Method sun.misc.Unsafe.defineClass(Ljava/lang/String;[BII)Ljava/lang/Class; name or signature does not match> (0x00000000eab07cc0) thrown at [C:\re\workspace\8-2-build-windows-amd64-cygwin\jdk8u91\6644\hotspot\srÍ›úâê?
Event: 0.840 Thread 0x0000000002c4d800 Exception <a 'java/lang/NoSuchMethodError': Method sun.misc.Unsafe.prefetchRead(Ljava/lang/Object;J)V name or signature does not match> (0x00000000eab07fa8) thrown at [C:\re\workspace\8-2-build-windows-amd64-cygwin\jdk8u91\6644\hotspot\src\share\vm\prims\jÖ›ûRŠ@
Event: 4.635 Thread 0x0000000016edb800 Exception <a 'java/lang/ArrayIndexOutOfBoundsException': 18> (0x00000000ec93d140) thrown at [C:\re\workspace\8-2-build-windows-amd64-cygwin\jdk8u91\6644\hotspot\src\share\vm\interpreter\interpreterRuntime.cpp, line 366]
Event: 4.636 Thread 0x0000000016edb800 Exception <a 'java/lang/ArrayIndexOutOfBoundsException'> (0x00000000ec93ecc0) thrown at [C:\re\workspace\8-2-build-windows-amd64-cygwin\jdk8u91\6644\hotspot\src\share\vm\runtime\sharedRuntime.cpp, line 605]
Event: 4.637 Thread 0x0000000016edb800 Exception <a 'java/lang/ArrayIndexOutOfBoundsException'> (0x00000000ec93ffa8) thrown at [C:\re\workspace\8-2-build-windows-amd64-cygwin\jdk8u91\6644\hotspot\src\share\vm\runtime\sharedRuntime.cpp, line 605]

Events (10 events):
Event: 16.672 Thread 0x0000000016ee4800 DEOPT PACKING pc=0x00000000031cd43c sp=0x000000001766ea50
Event: 16.672 Thread 0x0000000016ee4800 DEOPT UNPACKING pc=0x0000000002d9787f sp=0x000000001766e7e0 mode 0
Event: 16.689 Thread 0x0000000016eed800 DEOPT PACKING pc=0x00000000031573d7 sp=0x000000001776e800
Event: 16.689 Thread 0x0000000016eed800 DEOPT UNPACKING pc=0x0000000002d9787f sp=0x000000001776e5e8 mode 0
Event: 16.690 Thread 0x0000000016eed800 DEOPT PACKING pc=0x00000000031cd43c sp=0x000000001776e950
Event: 16.690 Thread 0x0000000016eed800 DEOPT UNPACKING pc=0x0000000002d9787f sp=0x000000001776e6e0 mode 0
Event: 16.698 Executing VM operation: ParallelGCFailedAllocation
Event: 23.117 Executing VM operation: ParallelGCFailedAllocation done
Event: 23.207 Thread 0x0000000016ee4800 DEOPT PACKING pc=0x00000000031881de sp=0x000000001766e9d0
Event: 23.207 Thread 0x0000000016ee4800 DEOPT UNPACKING pc=0x0000000002d9787f sp=0x000000001766e710 mode 0


Dynamic libraries:
0x00007ff72e1f0000 - 0x00007ff72e227000 	C:\Program Files\Java\jdk1.8.0_91\bin\java.exe
0x00007ff836320000 - 0x00007ff8364e2000 	C:\Windows\SYSTEM32\ntdll.dll
0x00007ff834420000 - 0x00007ff8344cd000 	C:\Windows\system32\KERNEL32.DLL
0x00007ff821fe0000 - 0x00007ff822013000 	C:\Program Files (x86)\AVG\Av\avghooka.dll
0x00007ff831c20000 - 0x00007ff831dfd000 	C:\Windows\system32\KERNELBASE.dll
0x00007ff832c50000 - 0x00007ff832cf6000 	C:\Windows\system32\ADVAPI32.dll
0x00007ff832d00000 - 0x00007ff832d9d000 	C:\Windows\system32\msvcrt.dll
0x00007ff834630000 - 0x00007ff83468b000 	C:\Windows\system32\sechost.dll
0x00007ff8329c0000 - 0x00007ff832ae6000 	C:\Windows\system32\RPCRT4.dll
0x00007ff834720000 - 0x00007ff83486e000 	C:\Windows\system32\USER32.dll
0x00007ff834930000 - 0x00007ff834ab5000 	C:\Windows\system32\GDI32.dll
0x00007ff8220c0000 - 0x00007ff822334000 	C:\Windows\WinSxS\amd64_microsoft.windows.common-controls_6595b64144ccf1df_6.0.10240.16384_none_f41f7b285750ef43\COMCTL32.dll
0x00007ff832970000 - 0x00007ff8329a6000 	C:\Windows\system32\IMM32.DLL
0x00007ff8344d0000 - 0x00007ff83462c000 	C:\Windows\system32\MSCTF.dll
0x0000000071b40000 - 0x0000000071c12000 	C:\Program Files\Java\jdk1.8.0_91\jre\bin\msvcr100.dll
0x0000000072270000 - 0x0000000072b03000 	C:\Program Files\Java\jdk1.8.0_91\jre\bin\server\jvm.dll
0x00007ff8329b0000 - 0x00007ff8329b8000 	C:\Windows\system32\PSAPI.DLL
0x00007ff821c30000 - 0x00007ff821c39000 	C:\Windows\SYSTEM32\WSOCK32.dll
0x00007ff834fc0000 - 0x00007ff835029000 	C:\Windows\system32\WS2_32.dll
0x00007ff834330000 - 0x00007ff834338000 	C:\Windows\system32\NSI.dll
0x00007ff827700000 - 0x00007ff827723000 	C:\Windows\SYSTEM32\WINMM.dll
0x00007ff828310000 - 0x00007ff82831a000 	C:\Windows\SYSTEM32\VERSION.dll
0x00007ff8276d0000 - 0x00007ff8276fc000 	C:\Windows\SYSTEM32\WINMMBASE.dll
0x00007ff832430000 - 0x00007ff832474000 	C:\Windows\system32\cfgmgr32.dll
0x00007ff830430000 - 0x00007ff830457000 	C:\Windows\SYSTEM32\DEVOBJ.dll
0x0000000074630000 - 0x000000007463f000 	C:\Program Files\Java\jdk1.8.0_91\jre\bin\verify.dll
0x0000000074600000 - 0x0000000074629000 	C:\Program Files\Java\jdk1.8.0_91\jre\bin\java.dll
0x00000000745e0000 - 0x00000000745f6000 	C:\Program Files\Java\jdk1.8.0_91\jre\bin\zip.dll
0x00007ff832da0000 - 0x00007ff8342c5000 	C:\Windows\system32\SHELL32.dll
0x00007ff831e00000 - 0x00007ff832428000 	C:\Windows\system32\windows.storage.dll
0x00007ff834d40000 - 0x00007ff834fbc000 	C:\Windows\system32\combase.dll
0x00007ff8342d0000 - 0x00007ff834321000 	C:\Windows\system32\shlwapi.dll
0x00007ff831ae0000 - 0x00007ff831aef000 	C:\Windows\system32\kernel.appcore.dll
0x00007ff831b60000 - 0x00007ff831c13000 	C:\Windows\system32\shcore.dll
0x00007ff831af0000 - 0x00007ff831b3a000 	C:\Windows\system32\powrprof.dll
0x00007ff831ac0000 - 0x00007ff831ad3000 	C:\Windows\system32\profapi.dll

VM Arguments:
jvm_args: -Djava.awt.headless=true -Xmx1024M -Dfile.encoding=windows-1252 -Duser.country=US -Duser.language=en -Duser.variant 
java_command: com.android.dx.command.Main --dex --force-jumbo --num-threads=4 --multi-dex --output F:\ProjectAkhir\MONSILVA\app\build\intermediates\transforms\dex\debug\folders\1000\10\com.google.android.gms-play-services-ads-8.1.0_a3ad817ee9eb8e328a547ffc24d6a9a7748ad223 F:\ProjectAkhir\MONSILVA\app\build\intermediates\exploded-aar\com.google.android.gms\play-services-ads\8.1.0\jars\classes.jar
java_class_path (initial): C:\Users\DMC\AppData\Local\Android\sdk\build-tools\23.0.1\lib\dx.jar
Launcher Type: SUN_STANDARD

Environment Variables:
PATH=F:\oracle\product\10.2.0\db_1\bin;C:\app\client\DMC\product\12.1.0\client_1;C:\app\client\DMC\product\12.1.0\client_1\bin;F:\app\admin\product\12.1.0\dbhome_1\bin;C:\ProgramData\Oracle\Java\javapath;C:\app\admin\product\12.1.0\dbhome_1\bin;C:\oraclexe\app\oracle\product\11.2.0\server\bin;C:\Windows\system32;C:\Windows;C:\Windows\System32\Wbem;C:\Windows\System32\WindowsPowerShell\v1.0\;C:\Windows\system32\config\systemprofile\.dnx\bin;C:\Program Files\Microsoft DNX\Dnvm\;C:\Program Files\Microsoft SQL Server\130\Tools\Binn\;C:\Program Files (x86)\Windows Kits\8.1\Windows Performance Toolkit\;C:\Program Files\Microsoft SQL Server\110\Tools\Binn\;C:\Program Files (x86)\nodejs\;C:\Ruby23-x64\bin;C:\Ruby23-x64\bin;C:\Users\DMC\AppData\Roaming\npm
USERNAME=DMC
OS=Windows_NT
PROCESSOR_IDENTIFIER=Intel64 Family 6 Model 69 Stepping 1, GenuineIntel



---------------  S Y S T E M  ---------------

OS: Windows 10.0 , 64 bit Build 10240 (10.0.10240.16384)

CPU:total 4 (2 cores per cpu, 2 threads per core) family 6 model 69 stepping 1, cmov, cx8, fxsr, mmx, sse, sse2, sse3, ssse3, sse4.1, sse4.2, popcnt, avx, avx2, aes, clmul, erms, lzcnt, ht, tsc, tscinvbit, bmi1, bmi2

Memory: 4k page, physical 8313008k(1566104k free), swap 8313008k(5424k free)

vm_info: Java HotSpot(TM) 64-Bit Server VM (25.91-b14) for windows-amd64 JRE (1.8.0_91-b14), built on Apr  1 2016 00:58:32 by "java_re" with MS VC++ 10.0 (VS2010)

time: Wed Jun 15 11:13:12 2016
elapsed time: 23 seconds (0d 0h 0m 23s)

