#
# There is insufficient memory for the Java Runtime Environment to continue.
# Native memory allocation (malloc) failed to allocate 35856 bytes for Chunk::new
# Possible reasons:
#   The system is out of physical RAM or swap space
#   In 32 bit mode, the process size limit was hit
# Possible solutions:
#   Reduce memory load on the system
#   Increase physical memory or swap space
#   Check if swap backing store is full
#   Use 64 bit Java on a 64 bit OS
#   Decrease Java heap size (-Xmx/-Xms)
#   Decrease number of Java threads
#   Decrease Java thread stack sizes (-Xss)
#   Set larger code cache with -XX:ReservedCodeCacheSize=
# This output file may be truncated or incomplete.
#
#  Out of Memory Error (allocation.cpp:390), pid=10708, tid=11928
#
# JRE version: Java(TM) SE Runtime Environment (8.0_91-b14) (build 1.8.0_91-b14)
# Java VM: Java HotSpot(TM) 64-Bit Server VM (25.91-b14 mixed mode windows-amd64 compressed oops)
# Failed to write core dump. Minidumps are not enabled by default on client versions of Windows
#

---------------  T H R E A D  ---------------

Current thread (0x000000001473d000):  JavaThread "C2 CompilerThread0" daemon [_thread_in_native, id=11928, stack(0x0000000015d70000,0x0000000015e70000)]

Stack: [0x0000000015d70000,0x0000000015e70000]
[error occurred during error reporting (printing stack bounds), id 0xc0000005]

Native frames: (J=compiled Java code, j=interpreted, Vv=VM code, C=native code)


Current CompileTask:
C2:   1758  418       4       java.lang.String::compareTo (78 bytes)


---------------  P R O C E S S  ---------------

Java Threads: ( => current thread )
  0x00000000161b3800 JavaThread "pool-2-thread-4" [_thread_blocked, id=8056, stack(0x0000000016a70000,0x0000000016b70000)]
  0x00000000161b1800 JavaThread "pool-2-thread-3" [_thread_in_Java, id=10232, stack(0x0000000016970000,0x0000000016a70000)]
  0x00000000161b0800 JavaThread "pool-2-thread-2" [_thread_in_native, id=12996, stack(0x0000000016870000,0x0000000016970000)]
  0x00000000160c6000 JavaThread "pool-3-thread-1" [_thread_blocked, id=4060, stack(0x0000000016770000,0x0000000016870000)]
  0x00000000160c5000 JavaThread "pool-2-thread-1" [_thread_in_vm, id=5984, stack(0x0000000016670000,0x0000000016770000)]
  0x0000000015f8a800 JavaThread "Service Thread" daemon [_thread_blocked, id=12568, stack(0x0000000016470000,0x0000000016570000)]
  0x000000001479c800 JavaThread "C1 CompilerThread2" daemon [_thread_in_native, id=12384, stack(0x0000000016370000,0x0000000016470000)]
  0x0000000014740800 JavaThread "C2 CompilerThread1" daemon [_thread_in_native, id=12076, stack(0x0000000015e70000,0x0000000015f70000)]
=>0x000000001473d000 JavaThread "C2 CompilerThread0" daemon [_thread_in_native, id=11928, stack(0x0000000015d70000,0x0000000015e70000)]
  0x000000001473b800 JavaThread "Attach Listener" daemon [_thread_blocked, id=12564, stack(0x0000000015c70000,0x0000000015d70000)]
  0x000000001473a000 JavaThread "Signal Dispatcher" daemon [_thread_blocked, id=12560, stack(0x0000000015b70000,0x0000000015c70000)]
  0x000000001472a800 JavaThread "Finalizer" daemon [_thread_blocked, id=7640, stack(0x0000000015990000,0x0000000015a90000)]
  0x0000000001fef800 JavaThread "Reference Handler" daemon [_thread_blocked, id=3344, stack(0x0000000015890000,0x0000000015990000)]
  0x000000000206d800 JavaThread "main" [_thread_in_Java, id=7644, stack(0x0000000001d90000,0x0000000001e90000)]

Other Threads:
  0x0000000014708800 VMThread [stack: 0x0000000015790000,0x0000000015890000] [id=13100]
  0x0000000015f8f000 WatcherThread [stack: 0x0000000016570000,0x0000000016670000] [id=13260]

VM state:not at safepoint (normal execution)

VM Mutex/Monitor currently owned by a thread: None

Heap:
 PSYoungGen      total 38400K, used 13355K [0x00000000eab00000, 0x00000000ed580000, 0x0000000100000000)
  eden space 33280K, 40% used [0x00000000eab00000,0x00000000eb80ad30,0x00000000ecb80000)
  from space 5120K, 0% used [0x00000000ed080000,0x00000000ed080000,0x00000000ed580000)
  to   space 5120K, 0% used [0x00000000ecb80000,0x00000000ecb80000,0x00000000ed080000)
 ParOldGen       total 87552K, used 0K [0x00000000c0000000, 0x00000000c5580000, 0x00000000eab00000)
  object space 87552K, 0% used [0x00000000c0000000,0x00000000c0000000,0x00000000c5580000)
 Metaspace       used 5470K, capacity 6576K, committed 6784K, reserved 1056768K
  class space    used 585K, capacity 616K, committed 640K, reserved 1048576K

Card table byte_map: [0x0000000011430000,0x0000000011640000] byte_map_base: 0x0000000010e30000

Marking Bits: (ParMarkBitMap*) 0x0000000072a82f70
 Begin Bits: [0x0000000011ba0000, 0x0000000012ba0000)
 End Bits:   [0x0000000012ba0000, 0x0000000013ba0000)

Polling page: 0x0000000000540000

CodeCache: size=245760Kb used=1951Kb max_used=1962Kb free=243808Kb
 bounds [0x0000000002070000, 0x00000000022e0000, 0x0000000011070000]
 total_blobs=677 nmethods=408 adapters=182
 compilation: enabled

Compilation events (10 events):
Event: 1.677 Thread 0x000000001479c800 nmethod 394 0x0000000002253f10 code [0x0000000002254060, 0x0000000002254170]
Event: 1.677 Thread 0x000000001479c800  407       3       java.lang.Integer::numberOfTrailingZeros (79 bytes)
Event: 1.677 Thread 0x000000001479c800 nmethod 407 0x0000000002256f50 code [0x00000000022570c0, 0x0000000002257370]
Event: 1.677 Thread 0x000000001479c800  400       1       java.util.TreeMap::access$100 (5 bytes)
Event: 1.677 Thread 0x000000001479c800 nmethod 400 0x00000000022573d0 code [0x0000000002257520, 0x0000000002257610]
Event: 1.677 Thread 0x000000001479c800  408   !   3       com.android.dx.cf.code.BytecodeArray::parseInstruction (2764 bytes)
Event: 1.682 Thread 0x000000001473d000  418       4       java.lang.String::compareTo (78 bytes)
Event: 1.682 Thread 0x0000000014740800  431   !   4       com.android.dx.util.FixedSizeList::get0 (47 bytes)
Event: 1.683 Thread 0x0000000014740800 nmethod 431 0x000000000225a350 code [0x000000000225a480, 0x000000000225a538]
Event: 1.683 Thread 0x0000000014740800  405       4       com.android.dx.util.Bits::set (19 bytes)

GC Heap History (0 events):
No events

Deoptimization events (0 events):
No events

Internal exceptions (2 events):
Event: 0.059 Thread 0x000000000206d800 Exception <a 'java/lang/NoSuchMethodError': Method sun.misc.Unsafe.defineClass(Ljava/lang/String;[BII)Ljava/lang/Class; name or signature does not match> (0x00000000eab07cc0) thrown at [C:\re\workspace\8-2-build-windows-amd64-cygwin\jdk8u91\6644\hotspot\srùí¿‚WÆ?
Event: 0.059 Thread 0x000000000206d800 Exception <a 'java/lang/NoSuchMethodError': Method sun.misc.Unsafe.prefetchRead(Ljava/lang/Object;J)V name or signature does not match> (0x00000000eab07fa8) thrown at [C:\re\workspace\8-2-build-windows-amd64-cygwin\jdk8u91\6644\hotspot\src\share\vm\prims\j

Events (10 events):
Event: 1.669 loading class java/io/PrintWriter
Event: 1.669 loading class java/io/PrintWriter done
Event: 1.669 loading class com/android/dx/dex/file/DebugInfoItem
Event: 1.669 loading class com/android/dx/dex/file/DebugInfoItem done
Event: 1.670 loading class com/android/dx/rop/annotation/AnnotationsList
Event: 1.670 loading class com/android/dx/rop/annotation/AnnotationsList done
Event: 1.675 loading class com/android/dx/ssa/PhiInsn$Operand
Event: 1.675 loading class com/android/dx/ssa/PhiInsn$Operand done
Event: 1.678 loading class com/android/dx/cf/code/Ropper$ExceptionHandlerSetup
Event: 1.678 loading class com/android/dx/cf/code/Ropper$ExceptionHandlerSetup done


Dynamic libraries:
0x00007ff72e1f0000 - 0x00007ff72e227000 	C:\Program Files\Java\jdk1.8.0_91\bin\java.exe
0x00007ff836320000 - 0x00007ff8364e2000 	C:\Windows\SYSTEM32\ntdll.dll
0x00007ff834420000 - 0x00007ff8344cd000 	C:\Windows\system32\KERNEL32.DLL
0x00007ff821fe0000 - 0x00007ff822013000 	C:\Program Files (x86)\AVG\Av\avghooka.dll
0x00007ff831c20000 - 0x00007ff831dfd000 	C:\Windows\system32\KERNELBASE.dll
0x00007ff832c50000 - 0x00007ff832cf6000 	C:\Windows\system32\ADVAPI32.dll
0x00007ff832d00000 - 0x00007ff832d9d000 	C:\Windows\system32\msvcrt.dll
0x00007ff834630000 - 0x00007ff83468b000 	C:\Windows\system32\sechost.dll
0x00007ff8329c0000 - 0x00007ff832ae6000 	C:\Windows\system32\RPCRT4.dll
0x00007ff834720000 - 0x00007ff83486e000 	C:\Windows\system32\USER32.dll
0x00007ff834930000 - 0x00007ff834ab5000 	C:\Windows\system32\GDI32.dll
0x00007ff8220c0000 - 0x00007ff822334000 	C:\Windows\WinSxS\amd64_microsoft.windows.common-controls_6595b64144ccf1df_6.0.10240.16384_none_f41f7b285750ef43\COMCTL32.dll
0x00007ff832970000 - 0x00007ff8329a6000 	C:\Windows\system32\IMM32.DLL
0x00007ff8344d0000 - 0x00007ff83462c000 	C:\Windows\system32\MSCTF.dll
0x0000000071b40000 - 0x0000000071c12000 	C:\Program Files\Java\jdk1.8.0_91\jre\bin\msvcr100.dll
0x0000000072270000 - 0x0000000072b03000 	C:\Program Files\Java\jdk1.8.0_91\jre\bin\server\jvm.dll
0x00007ff8329b0000 - 0x00007ff8329b8000 	C:\Windows\system32\PSAPI.DLL
0x00007ff821c30000 - 0x00007ff821c39000 	C:\Windows\SYSTEM32\WSOCK32.dll
0x00007ff834fc0000 - 0x00007ff835029000 	C:\Windows\system32\WS2_32.dll
0x00007ff834330000 - 0x00007ff834338000 	C:\Windows\system32\NSI.dll
0x00007ff827700000 - 0x00007ff827723000 	C:\Windows\SYSTEM32\WINMM.dll
0x00007ff828310000 - 0x00007ff82831a000 	C:\Windows\SYSTEM32\VERSION.dll
0x00007ff8276d0000 - 0x00007ff8276fc000 	C:\Windows\SYSTEM32\WINMMBASE.dll
0x00007ff832430000 - 0x00007ff832474000 	C:\Windows\system32\cfgmgr32.dll
0x00007ff830430000 - 0x00007ff830457000 	C:\Windows\SYSTEM32\DEVOBJ.dll
0x0000000074630000 - 0x000000007463f000 	C:\Program Files\Java\jdk1.8.0_91\jre\bin\verify.dll
0x0000000074600000 - 0x0000000074629000 	C:\Program Files\Java\jdk1.8.0_91\jre\bin\java.dll
0x00000000745e0000 - 0x00000000745f6000 	C:\Program Files\Java\jdk1.8.0_91\jre\bin\zip.dll
0x00007ff832da0000 - 0x00007ff8342c5000 	C:\Windows\system32\SHELL32.dll
0x00007ff831e00000 - 0x00007ff832428000 	C:\Windows\system32\windows.storage.dll
0x00007ff834d40000 - 0x00007ff834fbc000 	C:\Windows\system32\combase.dll
0x00007ff8342d0000 - 0x00007ff834321000 	C:\Windows\system32\shlwapi.dll
0x00007ff831ae0000 - 0x00007ff831aef000 	C:\Windows\system32\kernel.appcore.dll
0x00007ff831b60000 - 0x00007ff831c13000 	C:\Windows\system32\shcore.dll
0x00007ff831af0000 - 0x00007ff831b3a000 	C:\Windows\system32\powrprof.dll
0x00007ff831ac0000 - 0x00007ff831ad3000 	C:\Windows\system32\profapi.dll

VM Arguments:
jvm_args: -Djava.awt.headless=true -Xmx1024M -Dfile.encoding=windows-1252 -Duser.country=US -Duser.language=en -Duser.variant 
java_command: com.android.dx.command.Main --dex --force-jumbo --num-threads=4 --multi-dex --output F:\ProjectAkhir\MONSILVA\app\build\intermediates\transforms\dex\debug\folders\1000\10\com.android.support-mediarouter-v7-22.2.0_b4d317035a0a1481a475453cd8e0ccff2e329690 F:\ProjectAkhir\MONSILVA\app\build\intermediates\exploded-aar\com.android.support\mediarouter-v7\22.2.0\jars\classes.jar
java_class_path (initial): C:\Users\DMC\AppData\Local\Android\sdk\build-tools\23.0.1\lib\dx.jar
Launcher Type: SUN_STANDARD

Environment Variables:
PATH=F:\oracle\product\10.2.0\db_1\bin;C:\app\client\DMC\product\12.1.0\client_1;C:\app\client\DMC\product\12.1.0\client_1\bin;F:\app\admin\product\12.1.0\dbhome_1\bin;C:\ProgramData\Oracle\Java\javapath;C:\app\admin\product\12.1.0\dbhome_1\bin;C:\oraclexe\app\oracle\product\11.2.0\server\bin;C:\Windows\system32;C:\Windows;C:\Windows\System32\Wbem;C:\Windows\System32\WindowsPowerShell\v1.0\;C:\Windows\system32\config\systemprofile\.dnx\bin;C:\Program Files\Microsoft DNX\Dnvm\;C:\Program Files\Microsoft SQL Server\130\Tools\Binn\;C:\Program Files (x86)\Windows Kits\8.1\Windows Performance Toolkit\;C:\Program Files\Microsoft SQL Server\110\Tools\Binn\;C:\Program Files (x86)\nodejs\;C:\Ruby23-x64\bin;C:\Ruby23-x64\bin;C:\Users\DMC\AppData\Roaming\npm
USERNAME=DMC
OS=Windows_NT
PROCESSOR_IDENTIFIER=Intel64 Family 6 Model 69 Stepping 1, GenuineIntel



---------------  S Y S T E M  ---------------

OS: Windows 10.0 , 64 bit Build 10240 (10.0.10240.16384)

CPU:total 4 (2 cores per cpu, 2 threads per core) family 6 model 69 stepping 1, cmov, cx8, fxsr, mmx, sse, sse2, sse3, ssse3, sse4.1, sse4.2, popcnt, avx, avx2, aes, clmul, erms, lzcnt, ht, tsc, tscinvbit, bmi1, bmi2

Memory: 4k page, physical 8313008k(1450724k free), swap 8313008k(210616k free)

vm_info: Java HotSpot(TM) 64-Bit Server VM (25.91-b14) for windows-amd64 JRE (1.8.0_91-b14), built on Apr  1 2016 00:58:32 by "java_re" with MS VC++ 10.0 (VS2010)

time: Wed Jun 15 11:11:59 2016
elapsed time: 1 seconds (0d 0h 0m 1s)

