#
# There is insufficient memory for the Java Runtime Environment to continue.
# Native memory allocation (malloc) failed to allocate 65552 bytes for Chunk::new
# Possible reasons:
#   The system is out of physical RAM or swap space
#   In 32 bit mode, the process size limit was hit
# Possible solutions:
#   Reduce memory load on the system
#   Increase physical memory or swap space
#   Check if swap backing store is full
#   Use 64 bit Java on a 64 bit OS
#   Decrease Java heap size (-Xmx/-Xms)
#   Decrease number of Java threads
#   Decrease Java thread stack sizes (-Xss)
#   Set larger code cache with -XX:ReservedCodeCacheSize=
# This output file may be truncated or incomplete.
#
#  Out of Memory Error (allocation.cpp:390), pid=11764, tid=7008
#
# JRE version: Java(TM) SE Runtime Environment (8.0_91-b14) (build 1.8.0_91-b14)
# Java VM: Java HotSpot(TM) 64-Bit Server VM (25.91-b14 mixed mode windows-amd64 compressed oops)
# Failed to write core dump. Minidumps are not enabled by default on client versions of Windows
#

---------------  T H R E A D  ---------------

Current thread (0x0000000014a8e800):  JavaThread "C2 CompilerThread0" daemon [_thread_in_native, id=7008, stack(0x00000000160c0000,0x00000000161c0000)]

Stack: [0x00000000160c0000,0x00000000161c0000]
[error occurred during error reporting (printing stack bounds), id 0xc0000005]

Native frames: (J=compiled Java code, j=interpreted, Vv=VM code, C=native code)


Current CompileTask:
C2:   7770 1454       4       com.android.dx.ssa.DeadCodeRemover::isCircularNoSideEffect (140 bytes)


---------------  P R O C E S S  ---------------

Java Threads: ( => current thread )
  0x0000000016543800 JavaThread "pool-2-thread-4" [_thread_blocked, id=11724, stack(0x0000000016dc0000,0x0000000016ec0000)]
  0x0000000016541800 JavaThread "pool-2-thread-3" [_thread_in_Java, id=11676, stack(0x0000000016cc0000,0x0000000016dc0000)]
  0x0000000016540800 JavaThread "pool-2-thread-2" [_thread_in_Java, id=11908, stack(0x0000000016bc0000,0x0000000016cc0000)]
  0x0000000016536800 JavaThread "pool-3-thread-1" [_thread_blocked, id=12136, stack(0x0000000016ac0000,0x0000000016bc0000)]
  0x0000000016534000 JavaThread "pool-2-thread-1" [_thread_blocked, id=12048, stack(0x00000000169c0000,0x0000000016ac0000)]
  0x00000000163e8800 JavaThread "Service Thread" daemon [_thread_blocked, id=5468, stack(0x00000000167c0000,0x00000000168c0000)]
  0x0000000014a98800 JavaThread "C1 CompilerThread2" daemon [_thread_blocked, id=10652, stack(0x00000000162c0000,0x00000000163c0000)]
  0x0000000014a91800 JavaThread "C2 CompilerThread1" daemon [_thread_blocked, id=3308, stack(0x00000000161c0000,0x00000000162c0000)]
=>0x0000000014a8e800 JavaThread "C2 CompilerThread0" daemon [_thread_in_native, id=7008, stack(0x00000000160c0000,0x00000000161c0000)]
  0x0000000014a8d000 JavaThread "Attach Listener" daemon [_thread_blocked, id=11564, stack(0x0000000015fc0000,0x00000000160c0000)]
  0x0000000014a8c000 JavaThread "Signal Dispatcher" daemon [_thread_blocked, id=8724, stack(0x0000000015ec0000,0x0000000015fc0000)]
  0x00000000023bb800 JavaThread "Finalizer" daemon [_thread_blocked, id=7380, stack(0x0000000015ce0000,0x0000000015de0000)]
  0x00000000023b1000 JavaThread "Reference Handler" daemon [_thread_blocked, id=11280, stack(0x0000000015be0000,0x0000000015ce0000)]
  0x00000000021ad800 JavaThread "main" [_thread_blocked, id=11684, stack(0x00000000021b0000,0x00000000022b0000)]

Other Threads:
  0x0000000014a58000 VMThread [stack: 0x0000000015ae0000,0x0000000015be0000] [id=9000]
  0x000000001640f800 WatcherThread [stack: 0x00000000168c0000,0x00000000169c0000] [id=2360]

VM state:not at safepoint (normal execution)

VM Mutex/Monitor currently owned by a thread: None

Heap:
 PSYoungGen      total 38400K, used 22589K [0x00000000eab00000, 0x00000000ef600000, 0x0000000100000000)
  eden space 33280K, 52% used [0x00000000eab00000,0x00000000ebc15978,0x00000000ecb80000)
  from space 5120K, 99% used [0x00000000ecb80000,0x00000000ed079c78,0x00000000ed080000)
  to   space 5120K, 0% used [0x00000000ef100000,0x00000000ef100000,0x00000000ef600000)
 ParOldGen       total 87552K, used 1733K [0x00000000c0000000, 0x00000000c5580000, 0x00000000eab00000)
  object space 87552K, 1% used [0x00000000c0000000,0x00000000c01b1768,0x00000000c5580000)
 Metaspace       used 6053K, capacity 7088K, committed 7296K, reserved 1056768K
  class space    used 594K, capacity 616K, committed 640K, reserved 1048576K

Card table byte_map: [0x0000000011780000,0x0000000011990000] byte_map_base: 0x0000000011180000

Marking Bits: (ParMarkBitMap*) 0x0000000072a82f70
 Begin Bits: [0x0000000011ef0000, 0x0000000012ef0000)
 End Bits:   [0x0000000012ef0000, 0x0000000013ef0000)

Polling page: 0x0000000000930000

CodeCache: size=245760Kb used=5940Kb max_used=5940Kb free=239819Kb
 bounds [0x00000000023c0000, 0x00000000029a0000, 0x00000000113c0000]
 total_blobs=1732 nmethods=1461 adapters=182
 compilation: disabled (not enough contiguous free space left)

Compilation events (10 events):
Event: 7.748 Thread 0x0000000014a98800 1467       3       com.android.dx.cf.code.ConcreteMethod::getMaxLocals (8 bytes)
Event: 7.748 Thread 0x0000000014a98800 nmethod 1467 0x000000000298ab90 code [0x000000000298ace0, 0x000000000298aed0]
Event: 7.751 Thread 0x0000000014a98800 1469       1       com.android.dx.ssa.MoveParamCombiner$1::visitPhiInsn (1 bytes)
Event: 7.751 Thread 0x0000000014a98800 nmethod 1469 0x000000000298af90 code [0x000000000298b0e0, 0x000000000298b1f0]
Event: 7.753 Thread 0x0000000014a98800 1471       3       com.android.dx.cf.iface.StdMethodList::get (9 bytes)
Event: 7.753 Thread 0x0000000014a98800 nmethod 1471 0x000000000298b250 code [0x000000000298b3c0, 0x000000000298b6c8]
Event: 7.754 Thread 0x0000000014a98800 1472       3       com.android.dx.rop.cst.CstType::hashCode (8 bytes)
Event: 7.754 Thread 0x0000000014a98800 nmethod 1472 0x000000000298b790 code [0x000000000298b900, 0x000000000298bbe8]
Event: 7.755 Thread 0x0000000014a98800 1474       3       com.android.dx.cf.code.Ropper::addSetupBlocks (535 bytes)
Event: 7.766 Thread 0x0000000014a98800 nmethod 1474 0x000000000298bd10 code [0x000000000298c7c0, 0x0000000002994c28]

GC Heap History (2 events):
Event: 4.926 GC heap before
{Heap before GC invocations=1 (full 0):
 PSYoungGen      total 38400K, used 33280K [0x00000000eab00000, 0x00000000ed580000, 0x0000000100000000)
  eden space 33280K, 100% used [0x00000000eab00000,0x00000000ecb80000,0x00000000ecb80000)
  from space 5120K, 0% used [0x00000000ed080000,0x00000000ed080000,0x00000000ed580000)
  to   space 5120K, 0% used [0x00000000ecb80000,0x00000000ecb80000,0x00000000ed080000)
 ParOldGen       total 87552K, used 0K [0x00000000c0000000, 0x00000000c5580000, 0x00000000eab00000)
  object space 87552K, 0% used [0x00000000c0000000,0x00000000c0000000,0x00000000c5580000)
 Metaspace       used 5950K, capacity 6960K, committed 7040K, reserved 1056768K
  class space    used 592K, capacity 616K, committed 640K, reserved 1048576K
Event: 6.347 GC heap after
Heap after GC invocations=1 (full 0):
 PSYoungGen      total 38400K, used 5095K [0x00000000eab00000, 0x00000000ef600000, 0x0000000100000000)
  eden space 33280K, 0% used [0x00000000eab00000,0x00000000eab00000,0x00000000ecb80000)
  from space 5120K, 99% used [0x00000000ecb80000,0x00000000ed079c78,0x00000000ed080000)
  to   space 5120K, 0% used [0x00000000ef100000,0x00000000ef100000,0x00000000ef600000)
 ParOldGen       total 87552K, used 1733K [0x00000000c0000000, 0x00000000c5580000, 0x00000000eab00000)
  object space 87552K, 1% used [0x00000000c0000000,0x00000000c01b1768,0x00000000c5580000)
 Metaspace       used 5950K, capacity 6960K, committed 7040K, reserved 1056768K
  class space    used 592K, capacity 616K, committed 640K, reserved 1048576K
}

Deoptimization events (8 events):
Event: 1.876 Thread 0x00000000021ad800 Uncommon trap: reason=unstable_if action=reinterpret pc=0x00000000025a48a4 method=java.util.HashMap.getNode(ILjava/lang/Object;)Ljava/util/HashMap$Node; @ 129
Event: 2.304 Thread 0x0000000016541800 Uncommon trap: reason=class_check action=maybe_recompile pc=0x00000000025ef6d4 method=com.android.dx.ssa.NormalSsaInsn.accept(Lcom/android/dx/ssa/SsaInsn$Visitor;)V @ 9
Event: 2.304 Thread 0x0000000016541800 Uncommon trap: reason=class_check action=maybe_recompile pc=0x00000000025de4b0 method=com.android.dx.ssa.NormalSsaInsn.accept(Lcom/android/dx/ssa/SsaInsn$Visitor;)V @ 9
Event: 2.304 Thread 0x0000000016541800 Uncommon trap: reason=class_check action=maybe_recompile pc=0x00000000025de4b0 method=com.android.dx.ssa.NormalSsaInsn.accept(Lcom/android/dx/ssa/SsaInsn$Visitor;)V @ 9
Event: 2.304 Thread 0x0000000016541800 Uncommon trap: reason=class_check action=maybe_recompile pc=0x00000000025de4b0 method=com.android.dx.ssa.NormalSsaInsn.accept(Lcom/android/dx/ssa/SsaInsn$Visitor;)V @ 9
Event: 2.306 Thread 0x0000000016541800 Uncommon trap: reason=class_check action=maybe_recompile pc=0x00000000025ef6d4 method=com.android.dx.ssa.NormalSsaInsn.accept(Lcom/android/dx/ssa/SsaInsn$Visitor;)V @ 9
Event: 2.315 Thread 0x0000000016543800 Uncommon trap: reason=unstable_if action=reinterpret pc=0x000000000266bb5c method=com.android.dx.rop.cst.Constant.compareTo(Lcom/android/dx/rop/cst/Constant;)I @ 12
Event: 2.981 Thread 0x0000000016541800 Uncommon trap: reason=null_check action=make_not_entrant pc=0x000000000275ebac method=com.android.dx.ssa.SsaRenamer.getLocalForNewReg(I)Lcom/android/dx/rop/code/LocalItem; @ 19

Internal exceptions (3 events):
Event: 0.262 Thread 0x00000000021ad800 Exception <a 'java/lang/NoSuchMethodError': Method sun.misc.Unsafe.defineClass(Ljava/lang/String;[BII)Ljava/lang/Class; name or signature does not match> (0x00000000eab07cc0) thrown at [C:\re\workspace\8-2-build-windows-amd64-cygwin\jdk8u91\6644\hotspot\srà>≤≈*Œ–?
Event: 0.263 Thread 0x00000000021ad800 Exception <a 'java/lang/NoSuchMethodError': Method sun.misc.Unsafe.prefetchRead(Ljava/lang/Object;J)V name or signature does not match> (0x00000000eab07fa8) thrown at [C:\re\workspace\8-2-build-windows-amd64-cygwin\jdk8u91\6644\hotspot\src\share\vm\prims\j&—ü≤¡ÿ@
Event: 2.981 Thread 0x0000000016541800 Implicit null exception at 0x000000000275e1a1 to 0x000000000275eb89

Events (10 events):
Event: 3.683 Executing VM operation: ForceSafepoint
Event: 3.889 Executing VM operation: ForceSafepoint done
Event: 3.964 Executing VM operation: ParallelGCFailedAllocation
Event: 6.347 Executing VM operation: ParallelGCFailedAllocation done
Event: 6.658 loading class java/util/HashMap$KeySet
Event: 6.659 loading class java/util/HashMap$KeySet done
Event: 6.659 loading class java/util/HashMap$KeyIterator
Event: 6.659 loading class java/util/HashMap$KeyIterator done
Event: 7.740 loading class com/android/dx/rop/code/RegisterSpec$1
Event: 7.740 loading class com/android/dx/rop/code/RegisterSpec$1 done


Dynamic libraries:
0x00007ff681290000 - 0x00007ff6812c7000 	C:\Program Files\Java\jdk1.8.0_91\bin\java.exe
0x00007ff836320000 - 0x00007ff8364e2000 	C:\Windows\SYSTEM32\ntdll.dll
0x00007ff834420000 - 0x00007ff8344cd000 	C:\Windows\system32\KERNEL32.DLL
0x00007ff821fe0000 - 0x00007ff822013000 	C:\Program Files (x86)\AVG\Av\avghooka.dll
0x00007ff831c20000 - 0x00007ff831dfd000 	C:\Windows\system32\KERNELBASE.dll
0x00007ff832c50000 - 0x00007ff832cf6000 	C:\Windows\system32\ADVAPI32.dll
0x00007ff832d00000 - 0x00007ff832d9d000 	C:\Windows\system32\msvcrt.dll
0x00007ff834630000 - 0x00007ff83468b000 	C:\Windows\system32\sechost.dll
0x00007ff8329c0000 - 0x00007ff832ae6000 	C:\Windows\system32\RPCRT4.dll
0x00007ff834720000 - 0x00007ff83486e000 	C:\Windows\system32\USER32.dll
0x00007ff834930000 - 0x00007ff834ab5000 	C:\Windows\system32\GDI32.dll
0x00007ff8220c0000 - 0x00007ff822334000 	C:\Windows\WinSxS\amd64_microsoft.windows.common-controls_6595b64144ccf1df_6.0.10240.16384_none_f41f7b285750ef43\COMCTL32.dll
0x00007ff832970000 - 0x00007ff8329a6000 	C:\Windows\system32\IMM32.DLL
0x00007ff8344d0000 - 0x00007ff83462c000 	C:\Windows\system32\MSCTF.dll
0x0000000071b40000 - 0x0000000071c12000 	C:\Program Files\Java\jdk1.8.0_91\jre\bin\msvcr100.dll
0x0000000072270000 - 0x0000000072b03000 	C:\Program Files\Java\jdk1.8.0_91\jre\bin\server\jvm.dll
0x00007ff8329b0000 - 0x00007ff8329b8000 	C:\Windows\system32\PSAPI.DLL
0x00007ff821c30000 - 0x00007ff821c39000 	C:\Windows\SYSTEM32\WSOCK32.dll
0x00007ff834fc0000 - 0x00007ff835029000 	C:\Windows\system32\WS2_32.dll
0x00007ff834330000 - 0x00007ff834338000 	C:\Windows\system32\NSI.dll
0x00007ff827700000 - 0x00007ff827723000 	C:\Windows\SYSTEM32\WINMM.dll
0x00007ff828310000 - 0x00007ff82831a000 	C:\Windows\SYSTEM32\VERSION.dll
0x00007ff8276d0000 - 0x00007ff8276fc000 	C:\Windows\SYSTEM32\WINMMBASE.dll
0x00007ff832430000 - 0x00007ff832474000 	C:\Windows\system32\cfgmgr32.dll
0x00007ff830430000 - 0x00007ff830457000 	C:\Windows\SYSTEM32\DEVOBJ.dll
0x0000000074630000 - 0x000000007463f000 	C:\Program Files\Java\jdk1.8.0_91\jre\bin\verify.dll
0x0000000074600000 - 0x0000000074629000 	C:\Program Files\Java\jdk1.8.0_91\jre\bin\java.dll
0x00000000745e0000 - 0x00000000745f6000 	C:\Program Files\Java\jdk1.8.0_91\jre\bin\zip.dll
0x00007ff832da0000 - 0x00007ff8342c5000 	C:\Windows\system32\SHELL32.dll
0x00007ff831e00000 - 0x00007ff832428000 	C:\Windows\system32\windows.storage.dll
0x00007ff834d40000 - 0x00007ff834fbc000 	C:\Windows\system32\combase.dll
0x00007ff8342d0000 - 0x00007ff834321000 	C:\Windows\system32\shlwapi.dll
0x00007ff831ae0000 - 0x00007ff831aef000 	C:\Windows\system32\kernel.appcore.dll
0x00007ff831b60000 - 0x00007ff831c13000 	C:\Windows\system32\shcore.dll
0x00007ff831af0000 - 0x00007ff831b3a000 	C:\Windows\system32\powrprof.dll
0x00007ff831ac0000 - 0x00007ff831ad3000 	C:\Windows\system32\profapi.dll

VM Arguments:
jvm_args: -Djava.awt.headless=true -Xmx1024M -Dfile.encoding=windows-1252 -Duser.country=US -Duser.language=en -Duser.variant 
java_command: com.android.dx.command.Main --dex --force-jumbo --num-threads=4 --multi-dex --output F:\ProjectAkhir\MONSILVA\app\build\intermediates\transforms\dex\debug\folders\1000\10\library-1.0.17_ba67130b3f16e88ec7b1584e5769d175cf861a6e C:\Users\DMC\.gradle\caches\modules-2\files-2.1\com.mcxiaoke.volley\library\1.0.17\f417d7f776d1ee5858fc04d9362aa45e9bedd26b\library-1.0.17.jar
java_class_path (initial): C:\Users\DMC\AppData\Local\Android\sdk\build-tools\23.0.1\lib\dx.jar
Launcher Type: SUN_STANDARD

Environment Variables:
PATH=F:\oracle\product\10.2.0\db_1\bin;C:\app\client\DMC\product\12.1.0\client_1;C:\app\client\DMC\product\12.1.0\client_1\bin;F:\app\admin\product\12.1.0\dbhome_1\bin;C:\ProgramData\Oracle\Java\javapath;C:\app\admin\product\12.1.0\dbhome_1\bin;C:\oraclexe\app\oracle\product\11.2.0\server\bin;C:\Windows\system32;C:\Windows;C:\Windows\System32\Wbem;C:\Windows\System32\WindowsPowerShell\v1.0\;C:\Windows\system32\config\systemprofile\.dnx\bin;C:\Program Files\Microsoft DNX\Dnvm\;C:\Program Files\Microsoft SQL Server\130\Tools\Binn\;C:\Program Files (x86)\Windows Kits\8.1\Windows Performance Toolkit\;C:\Program Files\Microsoft SQL Server\110\Tools\Binn\;C:\Program Files (x86)\nodejs\;C:\Ruby23-x64\bin;C:\Ruby23-x64\bin;C:\Users\DMC\AppData\Roaming\npm
USERNAME=DMC
OS=Windows_NT
PROCESSOR_IDENTIFIER=Intel64 Family 6 Model 69 Stepping 1, GenuineIntel



---------------  S Y S T E M  ---------------

OS: Windows 10.0 , 64 bit Build 10240 (10.0.10240.16384)

CPU:total 4 (2 cores per cpu, 2 threads per core) family 6 model 69 stepping 1, cmov, cx8, fxsr, mmx, sse, sse2, sse3, ssse3, sse4.1, sse4.2, popcnt, avx, avx2, aes, clmul, erms, lzcnt, ht, tsc, tscinvbit, bmi1, bmi2

Memory: 4k page, physical 8313008k(1604372k free), swap 8313008k(9724k free)

vm_info: Java HotSpot(TM) 64-Bit Server VM (25.91-b14) for windows-amd64 JRE (1.8.0_91-b14), built on Apr  1 2016 00:58:32 by "java_re" with MS VC++ 10.0 (VS2010)

time: Wed Jun 15 10:52:58 2016
elapsed time: 7 seconds (0d 0h 0m 7s)

