#
# There is insufficient memory for the Java Runtime Environment to continue.
# Native memory allocation (malloc) failed to allocate 745136 bytes for Chunk::new
# Possible reasons:
#   The system is out of physical RAM or swap space
#   In 32 bit mode, the process size limit was hit
# Possible solutions:
#   Reduce memory load on the system
#   Increase physical memory or swap space
#   Check if swap backing store is full
#   Use 64 bit Java on a 64 bit OS
#   Decrease Java heap size (-Xmx/-Xms)
#   Decrease number of Java threads
#   Decrease Java thread stack sizes (-Xss)
#   Set larger code cache with -XX:ReservedCodeCacheSize=
# This output file may be truncated or incomplete.
#
#  Out of Memory Error (allocation.cpp:390), pid=3364, tid=13024
#
# JRE version: Java(TM) SE Runtime Environment (8.0_91-b14) (build 1.8.0_91-b14)
# Java VM: Java HotSpot(TM) 64-Bit Server VM (25.91-b14 mixed mode windows-amd64 compressed oops)
# Failed to write core dump. Minidumps are not enabled by default on client versions of Windows
#

---------------  T H R E A D  ---------------

Current thread (0x0000000014c8d000):  JavaThread "C2 CompilerThread0" daemon [_thread_in_native, id=13024, stack(0x00000000162e0000,0x00000000163e0000)]

Stack: [0x00000000162e0000,0x00000000163e0000]
[error occurred during error reporting (printing stack bounds), id 0xc0000005]

Native frames: (J=compiled Java code, j=interpreted, Vv=VM code, C=native code)


Current CompileTask:
C2:   9335 1722       4       com.android.dx.ssa.SCCP::run (298 bytes)


---------------  P R O C E S S  ---------------

Java Threads: ( => current thread )
  0x0000000016841000 JavaThread "pool-2-thread-4" [_thread_blocked, id=10612, stack(0x0000000016fe0000,0x00000000170e0000)]
  0x0000000016840800 JavaThread "pool-2-thread-3" [_thread_in_Java, id=13928, stack(0x0000000016ee0000,0x0000000016fe0000)]
  0x000000001683b800 JavaThread "pool-2-thread-2" [_thread_blocked, id=12904, stack(0x0000000016de0000,0x0000000016ee0000)]
  0x000000001683a800 JavaThread "pool-3-thread-1" [_thread_blocked, id=1992, stack(0x0000000016ce0000,0x0000000016de0000)]
  0x0000000016834000 JavaThread "pool-2-thread-1" [_thread_in_vm, id=3060, stack(0x0000000016be0000,0x0000000016ce0000)]
  0x0000000016616000 JavaThread "Service Thread" daemon [_thread_blocked, id=9464, stack(0x00000000169e0000,0x0000000016ae0000)]
  0x0000000014c97000 JavaThread "C1 CompilerThread2" daemon [_thread_in_native, id=4556, stack(0x00000000164e0000,0x00000000165e0000)]
  0x0000000014c93800 JavaThread "C2 CompilerThread1" daemon [_thread_in_native, id=13028, stack(0x00000000163e0000,0x00000000164e0000)]
=>0x0000000014c8d000 JavaThread "C2 CompilerThread0" daemon [_thread_in_native, id=13024, stack(0x00000000162e0000,0x00000000163e0000)]
  0x0000000014c8b000 JavaThread "Attach Listener" daemon [_thread_blocked, id=10488, stack(0x00000000161e0000,0x00000000162e0000)]
  0x0000000014c8a000 JavaThread "Signal Dispatcher" daemon [_thread_blocked, id=8688, stack(0x00000000160e0000,0x00000000161e0000)]
  0x0000000014c7a800 JavaThread "Finalizer" daemon [_thread_blocked, id=10304, stack(0x0000000015f00000,0x0000000016000000)]
  0x00000000025af800 JavaThread "Reference Handler" daemon [_thread_blocked, id=2100, stack(0x0000000015e00000,0x0000000015f00000)]
  0x0000000000c3d800 JavaThread "main" [_thread_in_Java, id=5692, stack(0x00000000023c0000,0x00000000024c0000)]

Other Threads:
  0x0000000014c58000 VMThread [stack: 0x0000000015d00000,0x0000000015e00000] [id=13712]
  0x000000001661b000 WatcherThread [stack: 0x0000000016ae0000,0x0000000016be0000] [id=3200]

VM state:not at safepoint (normal execution)

VM Mutex/Monitor currently owned by a thread: None

Heap:
 PSYoungGen      total 38400K, used 23288K [0x00000000eab00000, 0x00000000ef600000, 0x0000000100000000)
  eden space 33280K, 54% used [0x00000000eab00000,0x00000000ebcc20b0,0x00000000ecb80000)
  from space 5120K, 99% used [0x00000000ed080000,0x00000000ed57c038,0x00000000ed580000)
  to   space 5120K, 0% used [0x00000000ecb80000,0x00000000ecb80000,0x00000000ed080000)
 ParOldGen       total 87552K, used 7333K [0x00000000c0000000, 0x00000000c5580000, 0x00000000eab00000)
  object space 87552K, 8% used [0x00000000c0000000,0x00000000c0729438,0x00000000c5580000)
 Metaspace       used 6145K, capacity 7088K, committed 7296K, reserved 1056768K
  class space    used 590K, capacity 616K, committed 640K, reserved 1048576K

Card table byte_map: [0x0000000011980000,0x0000000011b90000] byte_map_base: 0x0000000011380000

Marking Bits: (ParMarkBitMap*) 0x000000006a9b2f70
 Begin Bits: [0x00000000120f0000, 0x00000000130f0000)
 End Bits:   [0x00000000130f0000, 0x00000000140f0000)

Polling page: 0x0000000000b70000

CodeCache: size=245760Kb used=7215Kb max_used=7215Kb free=238544Kb
 bounds [0x00000000025c0000, 0x0000000002ce0000, 0x00000000115c0000]
 total_blobs=1965 nmethods=1695 adapters=182
 compilation: enabled

Compilation events (10 events):
Event: 9.298 Thread 0x0000000014c93800 nmethod 1720 0x0000000002cb1650 code [0x0000000002cb17c0, 0x0000000002cb1ef8]
Event: 9.300 Thread 0x0000000014c93800 1721       4       com.android.dx.ssa.SCCP::simulateBlock (54 bytes)
Event: 9.300 Thread 0x0000000014c8d000 nmethod 1715 0x0000000002ccd210 code [0x0000000002ccd400, 0x0000000002cce2e8]
Event: 9.302 Thread 0x0000000014c8d000 1722       4       com.android.dx.ssa.SCCP::run (298 bytes)
Event: 9.304 Thread 0x0000000014c97000 1726       3       com.android.dx.ssa.LiteralOpUpgrader$1::visitNonMoveInsn (203 bytes)
Event: 9.307 Thread 0x0000000014c93800 nmethod 1721 0x0000000002ca9410 code [0x0000000002ca9580, 0x0000000002ca9818]
Event: 9.307 Thread 0x0000000014c93800 1725       4       com.android.dx.ssa.DeadCodeRemover::isCircularNoSideEffect (140 bytes)
Event: 9.308 Thread 0x0000000014c97000 nmethod 1726 0x0000000002ccfd90 code [0x0000000002cd0260, 0x0000000002cd3e48]
Event: 9.313 Thread 0x0000000014c97000 1727       3       com.android.dx.ssa.LiteralOpUpgrader::isConstIntZeroOrKnownNull (34 bytes)
Event: 9.313 Thread 0x0000000014c97000 nmethod 1727 0x0000000002cb3bd0 code [0x0000000002cb3d60, 0x0000000002cb4288]

GC Heap History (4 events):
Event: 5.399 GC heap before
{Heap before GC invocations=1 (full 0):
 PSYoungGen      total 38400K, used 33280K [0x00000000eab00000, 0x00000000ed580000, 0x0000000100000000)
  eden space 33280K, 100% used [0x00000000eab00000,0x00000000ecb80000,0x00000000ecb80000)
  from space 5120K, 0% used [0x00000000ed080000,0x00000000ed080000,0x00000000ed580000)
  to   space 5120K, 0% used [0x00000000ecb80000,0x00000000ecb80000,0x00000000ed080000)
 ParOldGen       total 87552K, used 0K [0x00000000c0000000, 0x00000000c5580000, 0x00000000eab00000)
  object space 87552K, 0% used [0x00000000c0000000,0x00000000c0000000,0x00000000c5580000)
 Metaspace       used 5901K, capacity 6896K, committed 7040K, reserved 1056768K
  class space    used 589K, capacity 616K, committed 640K, reserved 1048576K
Event: 5.412 GC heap after
Heap after GC invocations=1 (full 0):
 PSYoungGen      total 38400K, used 5095K [0x00000000eab00000, 0x00000000ed580000, 0x0000000100000000)
  eden space 33280K, 0% used [0x00000000eab00000,0x00000000eab00000,0x00000000ecb80000)
  from space 5120K, 99% used [0x00000000ecb80000,0x00000000ed079c78,0x00000000ed080000)
  to   space 5120K, 0% used [0x00000000ed080000,0x00000000ed080000,0x00000000ed580000)
 ParOldGen       total 87552K, used 2025K [0x00000000c0000000, 0x00000000c5580000, 0x00000000eab00000)
  object space 87552K, 2% used [0x00000000c0000000,0x00000000c01fa770,0x00000000c5580000)
 Metaspace       used 5901K, capacity 6896K, committed 7040K, reserved 1056768K
  class space    used 589K, capacity 616K, committed 640K, reserved 1048576K
}
Event: 8.044 GC heap before
{Heap before GC invocations=2 (full 0):
 PSYoungGen      total 38400K, used 38375K [0x00000000eab00000, 0x00000000ed580000, 0x0000000100000000)
  eden space 33280K, 100% used [0x00000000eab00000,0x00000000ecb80000,0x00000000ecb80000)
  from space 5120K, 99% used [0x00000000ecb80000,0x00000000ed079c78,0x00000000ed080000)
  to   space 5120K, 0% used [0x00000000ed080000,0x00000000ed080000,0x00000000ed580000)
 ParOldGen       total 87552K, used 2025K [0x00000000c0000000, 0x00000000c5580000, 0x00000000eab00000)
  object space 87552K, 2% used [0x00000000c0000000,0x00000000c01fa770,0x00000000c5580000)
 Metaspace       used 6120K, capacity 7088K, committed 7296K, reserved 1056768K
  class space    used 589K, capacity 616K, committed 640K, reserved 1048576K
Event: 8.300 GC heap after
Heap after GC invocations=2 (full 0):
 PSYoungGen      total 38400K, used 5104K [0x00000000eab00000, 0x00000000ef600000, 0x0000000100000000)
  eden space 33280K, 0% used [0x00000000eab00000,0x00000000eab00000,0x00000000ecb80000)
  from space 5120K, 99% used [0x00000000ed080000,0x00000000ed57c038,0x00000000ed580000)
  to   space 5120K, 0% used [0x00000000ecb80000,0x00000000ecb80000,0x00000000ed080000)
 ParOldGen       total 87552K, used 7333K [0x00000000c0000000, 0x00000000c5580000, 0x00000000eab00000)
  object space 87552K, 8% used [0x00000000c0000000,0x00000000c0729438,0x00000000c5580000)
 Metaspace       used 6120K, capacity 7088K, committed 7296K, reserved 1056768K
  class space    used 589K, capacity 616K, committed 640K, reserved 1048576K
}

Deoptimization events (10 events):
Event: 5.028 Thread 0x0000000000c3d800 Uncommon trap: reason=unstable_if action=reinterpret pc=0x00000000028c4edc method=java.lang.String.<init>([CII)V @ 18
Event: 5.033 Thread 0x0000000016841000 Uncommon trap: reason=class_check action=maybe_recompile pc=0x00000000027f5a4c method=com.android.dx.ssa.NormalSsaInsn.accept(Lcom/android/dx/ssa/SsaInsn$Visitor;)V @ 9
Event: 5.033 Thread 0x0000000016841000 Uncommon trap: reason=class_check action=maybe_recompile pc=0x00000000027f5a4c method=com.android.dx.ssa.NormalSsaInsn.accept(Lcom/android/dx/ssa/SsaInsn$Visitor;)V @ 9
Event: 5.061 Thread 0x0000000016841000 Uncommon trap: reason=class_check action=maybe_recompile pc=0x00000000027f5a4c method=com.android.dx.ssa.NormalSsaInsn.accept(Lcom/android/dx/ssa/SsaInsn$Visitor;)V @ 9
Event: 5.061 Thread 0x0000000016841000 Uncommon trap: reason=class_check action=maybe_recompile pc=0x00000000027f5a4c method=com.android.dx.ssa.NormalSsaInsn.accept(Lcom/android/dx/ssa/SsaInsn$Visitor;)V @ 9
Event: 5.147 Thread 0x0000000000c3d800 Uncommon trap: reason=unstable_if action=reinterpret pc=0x00000000027bb1e8 method=java.lang.String.<init>([CII)V @ 18
Event: 6.230 Thread 0x0000000016840800 Uncommon trap: reason=unstable_if action=reinterpret pc=0x00000000029b8b5c method=com.android.dx.ssa.SsaMethod.updateOneDefinition(Lcom/android/dx/ssa/SsaInsn;Lcom/android/dx/rop/code/RegisterSpec;)V @ 4
Event: 7.461 Thread 0x0000000016841000 Uncommon trap: reason=bimorphic action=maybe_recompile pc=0x00000000028236e4 method=java.util.HashMap.getNode(ILjava/lang/Object;)Ljava/util/HashMap$Node; @ 126
Event: 8.830 Thread 0x000000001683b800 Uncommon trap: reason=unstable_if action=reinterpret pc=0x0000000002c7ceac method=com.android.dx.util.BitIntSet.has(I)Z @ 8
Event: 9.303 Thread 0x000000001683b800 Uncommon trap: reason=unstable_if action=reinterpret pc=0x0000000002c8c5fc method=com.android.dx.ssa.LiteralOpUpgrader$1.visitNonMoveInsn(Lcom/android/dx/ssa/NormalSsaInsn;)V @ 55

Internal exceptions (2 events):
Event: 0.056 Thread 0x0000000000c3d800 Exception <a 'java/lang/NoSuchMethodError': Method sun.misc.Unsafe.defineClass(Ljava/lang/String;[BII)Ljava/lang/Class; name or signature does not match> (0x00000000eab07cc0) thrown at [C:\re\workspace\8-2-build-windows-amd64-cygwin\jdk8u91\6644\hotspot\srè~æπËŒ¨?
Event: 0.056 Thread 0x0000000000c3d800 Exception <a 'java/lang/NoSuchMethodError': Method sun.misc.Unsafe.prefetchRead(Ljava/lang/Object;J)V name or signature does not match> (0x00000000eab07fa8) thrown at [C:\re\workspace\8-2-build-windows-amd64-cygwin\jdk8u91\6644\hotspot\src\share\vm\prims\j

Events (10 events):
Event: 7.583 Executing VM operation: ParallelGCFailedAllocation
Event: 8.301 Executing VM operation: ParallelGCFailedAllocation done
Event: 8.830 Thread 0x000000001683b800 Uncommon trap: trap_request=0xffffff65 fr.pc=0x0000000002c7ceac
Event: 8.830 Thread 0x000000001683b800 DEOPT PACKING pc=0x0000000002c7ceac sp=0x0000000016ede5e0
Event: 8.830 Thread 0x000000001683b800 DEOPT UNPACKING pc=0x000000000260582a sp=0x0000000016ede518 mode 2
Event: 9.303 Thread 0x000000001683b800 Uncommon trap: trap_request=0xffffff65 fr.pc=0x0000000002c8c5fc
Event: 9.303 Thread 0x000000001683b800 DEOPT PACKING pc=0x0000000002c8c5fc sp=0x0000000016ede850
Event: 9.303 Thread 0x000000001683b800 DEOPT UNPACKING pc=0x000000000260582a sp=0x0000000016ede860 mode 2
Event: 9.304 loading class com/android/dx/rop/code/RegOps
Event: 9.304 loading class com/android/dx/rop/code/RegOps done


Dynamic libraries:
0x00007ff6d4320000 - 0x00007ff6d4357000 	C:\Program Files\Java\jdk1.8.0_91\bin\java.exe
0x00007ffcc9160000 - 0x00007ffcc9322000 	C:\Windows\SYSTEM32\ntdll.dll
0x00007ffcc5740000 - 0x00007ffcc57ed000 	C:\Windows\system32\KERNEL32.DLL
0x00007ffcb5b40000 - 0x00007ffcb5b73000 	C:\Program Files (x86)\AVG\Av\avghooka.dll
0x00007ffcc5430000 - 0x00007ffcc560d000 	C:\Windows\system32\KERNELBASE.dll
0x00007ffcc77b0000 - 0x00007ffcc7856000 	C:\Windows\system32\ADVAPI32.dll
0x00007ffcc7990000 - 0x00007ffcc7a2d000 	C:\Windows\system32\msvcrt.dll
0x00007ffcc5980000 - 0x00007ffcc59db000 	C:\Windows\system32\sechost.dll
0x00007ffcc7e10000 - 0x00007ffcc7f36000 	C:\Windows\system32\RPCRT4.dll
0x00007ffcc7a30000 - 0x00007ffcc7b7e000 	C:\Windows\system32\USER32.dll
0x00007ffcc57f0000 - 0x00007ffcc5975000 	C:\Windows\system32\GDI32.dll
0x00007ffcb0990000 - 0x00007ffcb0c04000 	C:\Windows\WinSxS\amd64_microsoft.windows.common-controls_6595b64144ccf1df_6.0.10240.16384_none_f41f7b285750ef43\COMCTL32.dll
0x00007ffcc7870000 - 0x00007ffcc78a6000 	C:\Windows\system32\IMM32.DLL
0x00007ffcc7420000 - 0x00007ffcc757c000 	C:\Windows\system32\MSCTF.dll
0x000000006a0c0000 - 0x000000006a192000 	C:\Program Files\Java\jdk1.8.0_91\jre\bin\msvcr100.dll
0x000000006a1a0000 - 0x000000006aa33000 	C:\Program Files\Java\jdk1.8.0_91\jre\bin\server\jvm.dll
0x00007ffcc59f0000 - 0x00007ffcc59f8000 	C:\Windows\system32\PSAPI.DLL
0x00007ffcb9c50000 - 0x00007ffcb9c59000 	C:\Windows\SYSTEM32\WSOCK32.dll
0x00007ffcc5d30000 - 0x00007ffcc5d99000 	C:\Windows\system32\WS2_32.dll
0x00007ffcc59e0000 - 0x00007ffcc59e8000 	C:\Windows\system32\NSI.dll
0x00007ffcbaa40000 - 0x00007ffcbaa63000 	C:\Windows\SYSTEM32\WINMM.dll
0x00007ffcbafd0000 - 0x00007ffcbafda000 	C:\Windows\SYSTEM32\VERSION.dll
0x00007ffcbaa10000 - 0x00007ffcbaa3c000 	C:\Windows\SYSTEM32\WINMMBASE.dll
0x00007ffcc4cf0000 - 0x00007ffcc4d34000 	C:\Windows\system32\cfgmgr32.dll
0x00007ffcc3240000 - 0x00007ffcc3267000 	C:\Windows\SYSTEM32\DEVOBJ.dll
0x000000006a070000 - 0x000000006a07f000 	C:\Program Files\Java\jdk1.8.0_91\jre\bin\verify.dll
0x000000006a040000 - 0x000000006a069000 	C:\Program Files\Java\jdk1.8.0_91\jre\bin\java.dll
0x000000006a020000 - 0x000000006a036000 	C:\Program Files\Java\jdk1.8.0_91\jre\bin\zip.dll
0x00007ffcc5da0000 - 0x00007ffcc72c5000 	C:\Windows\system32\SHELL32.dll
0x00007ffcc4e00000 - 0x00007ffcc5428000 	C:\Windows\system32\windows.storage.dll
0x00007ffcc5a00000 - 0x00007ffcc5c7c000 	C:\Windows\system32\combase.dll
0x00007ffcc7580000 - 0x00007ffcc75d1000 	C:\Windows\system32\shlwapi.dll
0x00007ffcc4990000 - 0x00007ffcc499f000 	C:\Windows\system32\kernel.appcore.dll
0x00007ffcc4d40000 - 0x00007ffcc4df3000 	C:\Windows\system32\shcore.dll
0x00007ffcc49a0000 - 0x00007ffcc49ea000 	C:\Windows\system32\powrprof.dll
0x00007ffcc49f0000 - 0x00007ffcc4a03000 	C:\Windows\system32\profapi.dll

VM Arguments:
jvm_args: -Djava.awt.headless=true -Xmx1024M -Dfile.encoding=windows-1252 -Duser.country=US -Duser.language=en -Duser.variant 
java_command: com.android.dx.command.Main --dex --force-jumbo --num-threads=4 --multi-dex --output F:\ProjectAkhir\MONSILVA\app\build\intermediates\transforms\dex\debug\folders\1000\10\com.google.android.gms-play-services-drive-8.1.0_299e469bc366dbb617f46c437020d3134ae4a8ed F:\ProjectAkhir\MONSILVA\app\build\intermediates\exploded-aar\com.google.android.gms\play-services-drive\8.1.0\jars\classes.jar
java_class_path (initial): C:\Users\DMC\AppData\Local\Android\sdk\build-tools\23.0.1\lib\dx.jar
Launcher Type: SUN_STANDARD

Environment Variables:
PATH=F:\oracle\product\10.2.0\db_1\bin;C:\app\client\DMC\product\12.1.0\client_1;C:\app\client\DMC\product\12.1.0\client_1\bin;F:\app\admin\product\12.1.0\dbhome_1\bin;C:\ProgramData\Oracle\Java\javapath;C:\app\admin\product\12.1.0\dbhome_1\bin;C:\oraclexe\app\oracle\product\11.2.0\server\bin;C:\Windows\system32;C:\Windows;C:\Windows\System32\Wbem;C:\Windows\System32\WindowsPowerShell\v1.0\;C:\Users\DMC\.dnx\bin;C:\Program Files\Microsoft DNX\Dnvm\;C:\Program Files\Microsoft SQL Server\130\Tools\Binn\;C:\Program Files (x86)\Windows Kits\8.1\Windows Performance Toolkit\;C:\Program Files\Microsoft SQL Server\110\Tools\Binn\;C:\Program Files (x86)\nodejs\;C:\Ruby23-x64\bin;C:\Ruby23-x64\bin;C:\Users\DMC\AppData\Roaming\npm
USERNAME=DMC
OS=Windows_NT
PROCESSOR_IDENTIFIER=Intel64 Family 6 Model 69 Stepping 1, GenuineIntel



---------------  S Y S T E M  ---------------

OS: Windows 10.0 , 64 bit Build 10240 (10.0.10240.16384)

CPU:total 4 (2 cores per cpu, 2 threads per core) family 6 model 69 stepping 1, cmov, cx8, fxsr, mmx, sse, sse2, sse3, ssse3, sse4.1, sse4.2, popcnt, avx, avx2, aes, clmul, erms, lzcnt, ht, tsc, tscinvbit, bmi1, bmi2

Memory: 4k page, physical 8313008k(1415032k free), swap 8313008k(5188k free)

vm_info: Java HotSpot(TM) 64-Bit Server VM (25.91-b14) for windows-amd64 JRE (1.8.0_91-b14), built on Apr  1 2016 00:58:32 by "java_re" with MS VC++ 10.0 (VS2010)

time: Wed Jun 15 00:21:37 2016
elapsed time: 9 seconds (0d 0h 0m 9s)

