#
# There is insufficient memory for the Java Runtime Environment to continue.
# Native memory allocation (malloc) failed to allocate 1048576 bytes for AllocateHeap
# Possible reasons:
#   The system is out of physical RAM or swap space
#   In 32 bit mode, the process size limit was hit
# Possible solutions:
#   Reduce memory load on the system
#   Increase physical memory or swap space
#   Check if swap backing store is full
#   Use 64 bit Java on a 64 bit OS
#   Decrease Java heap size (-Xmx/-Xms)
#   Decrease number of Java threads
#   Decrease Java thread stack sizes (-Xss)
#   Set larger code cache with -XX:ReservedCodeCacheSize=
# This output file may be truncated or incomplete.
#
#  Out of Memory Error (memory/allocation.inline.hpp:61), pid=4952, tid=10516
#
# JRE version:  (8.0_91-b14) (build )
# Java VM: Java HotSpot(TM) 64-Bit Server VM (25.91-b14 mixed mode windows-amd64 compressed oops)
# Failed to write core dump. Minidumps are not enabled by default on client versions of Windows
#

---------------  T H R E A D  ---------------

Current thread (0x0000000002c4d800):  JavaThread "Unknown thread" [_thread_in_vm, id=10516, stack(0x0000000002af0000,0x0000000002bf0000)]

Stack: [0x0000000002af0000,0x0000000002bf0000]
[error occurred during error reporting (printing stack bounds), id 0xc0000005]

Native frames: (J=compiled Java code, j=interpreted, Vv=VM code, C=native code)


---------------  P R O C E S S  ---------------

Java Threads: ( => current thread )

Other Threads:

=>0x0000000002c4d800 (exited) JavaThread "Unknown thread" [_thread_in_vm, id=10516, stack(0x0000000002af0000,0x0000000002bf0000)]

VM state:not at safepoint (normal execution)

VM Mutex/Monitor currently owned by a thread: None

Heap:
 PSYoungGen      total 38400K, used 665K [0x00000000eab00000, 0x00000000ed580000, 0x0000000100000000)
  eden space 33280K, 2% used [0x00000000eab00000,0x00000000eaba6670,0x00000000ecb80000)
  from space 5120K, 0% used [0x00000000ed080000,0x00000000ed080000,0x00000000ed580000)
  to   space 5120K, 0% used [0x00000000ecb80000,0x00000000ecb80000,0x00000000ed080000)
 ParOldGen       total 87552K, used 0K [0x00000000c0000000, 0x00000000c5580000, 0x00000000eab00000)
  object space 87552K, 0% used [0x00000000c0000000,0x00000000c0000000,0x00000000c5580000)
 Metaspace       used 769K, capacity 4480K, committed 4480K, reserved 1056768K
  class space    used 75K, capacity 384K, committed 384K, reserved 1048576K

Card table byte_map: [0x0000000012140000,0x0000000012350000] byte_map_base: 0x0000000011b40000

Marking Bits: (ParMarkBitMap*) 0x0000000072a82f70
 Begin Bits: [0x00000000128b0000, 0x00000000138b0000)
 End Bits:   [0x00000000138b0000, 0x00000000148b0000)

Polling page: 0x0000000001330000

CodeCache: size=245760Kb used=328Kb max_used=328Kb free=245431Kb
 bounds [0x0000000002d80000, 0x0000000002ff0000, 0x0000000011d80000]
 total_blobs=58 nmethods=0 adapters=38
 compilation: enabled

Compilation events (0 events):
No events

GC Heap History (0 events):
No events

Deoptimization events (0 events):
No events

Internal exceptions (0 events):
No events

Events (10 events):
Event: 0.066 loading class java/lang/Short
Event: 0.066 loading class java/lang/Short done
Event: 0.066 loading class java/lang/Integer
Event: 0.066 loading class java/lang/Integer done
Event: 0.066 loading class java/lang/Long
Event: 0.067 loading class java/lang/Long done
Event: 0.068 loading class java/lang/NullPointerException
Event: 0.068 loading class java/lang/NullPointerException done
Event: 0.068 loading class java/lang/ArithmeticException
Event: 0.068 loading class java/lang/ArithmeticException done


Dynamic libraries:
0x00007ff72e1f0000 - 0x00007ff72e227000 	C:\Program Files\Java\jdk1.8.0_91\bin\java.exe
0x00007ff836320000 - 0x00007ff8364e2000 	C:\Windows\SYSTEM32\ntdll.dll
0x00007ff834420000 - 0x00007ff8344cd000 	C:\Windows\system32\KERNEL32.DLL
0x00007ff821fe0000 - 0x00007ff822013000 	C:\Program Files (x86)\AVG\Av\avghooka.dll
0x00007ff831c20000 - 0x00007ff831dfd000 	C:\Windows\system32\KERNELBASE.dll
0x00007ff832c50000 - 0x00007ff832cf6000 	C:\Windows\system32\ADVAPI32.dll
0x00007ff832d00000 - 0x00007ff832d9d000 	C:\Windows\system32\msvcrt.dll
0x00007ff834630000 - 0x00007ff83468b000 	C:\Windows\system32\sechost.dll
0x00007ff8329c0000 - 0x00007ff832ae6000 	C:\Windows\system32\RPCRT4.dll
0x00007ff834720000 - 0x00007ff83486e000 	C:\Windows\system32\USER32.dll
0x00007ff834930000 - 0x00007ff834ab5000 	C:\Windows\system32\GDI32.dll
0x00007ff8220c0000 - 0x00007ff822334000 	C:\Windows\WinSxS\amd64_microsoft.windows.common-controls_6595b64144ccf1df_6.0.10240.16384_none_f41f7b285750ef43\COMCTL32.dll
0x00007ff832970000 - 0x00007ff8329a6000 	C:\Windows\system32\IMM32.DLL
0x00007ff8344d0000 - 0x00007ff83462c000 	C:\Windows\system32\MSCTF.dll
0x0000000071b40000 - 0x0000000071c12000 	C:\Program Files\Java\jdk1.8.0_91\jre\bin\msvcr100.dll
0x0000000072270000 - 0x0000000072b03000 	C:\Program Files\Java\jdk1.8.0_91\jre\bin\server\jvm.dll
0x00007ff8329b0000 - 0x00007ff8329b8000 	C:\Windows\system32\PSAPI.DLL
0x00007ff821c30000 - 0x00007ff821c39000 	C:\Windows\SYSTEM32\WSOCK32.dll
0x00007ff834fc0000 - 0x00007ff835029000 	C:\Windows\system32\WS2_32.dll
0x00007ff834330000 - 0x00007ff834338000 	C:\Windows\system32\NSI.dll
0x00007ff827700000 - 0x00007ff827723000 	C:\Windows\SYSTEM32\WINMM.dll
0x00007ff828310000 - 0x00007ff82831a000 	C:\Windows\SYSTEM32\VERSION.dll
0x00007ff8276d0000 - 0x00007ff8276fc000 	C:\Windows\SYSTEM32\WINMMBASE.dll
0x00007ff832430000 - 0x00007ff832474000 	C:\Windows\system32\cfgmgr32.dll
0x00007ff830430000 - 0x00007ff830457000 	C:\Windows\SYSTEM32\DEVOBJ.dll
0x0000000074630000 - 0x000000007463f000 	C:\Program Files\Java\jdk1.8.0_91\jre\bin\verify.dll
0x0000000074600000 - 0x0000000074629000 	C:\Program Files\Java\jdk1.8.0_91\jre\bin\java.dll
0x00000000745e0000 - 0x00000000745f6000 	C:\Program Files\Java\jdk1.8.0_91\jre\bin\zip.dll

VM Arguments:
jvm_args: -Djava.awt.headless=true -Xmx1024M -Dfile.encoding=windows-1252 -Duser.country=US -Duser.language=en -Duser.variant 
java_command: com.android.dx.command.Main --dex --force-jumbo --num-threads=4 --multi-dex --output F:\ProjectAkhir\MONSILVA\app\build\intermediates\transforms\dex\debug\folders\1000\10\com.google.android.gms-play-services-vision-8.1.0_7241dd4a50d429dc8bc9a9541b19ee792573d176 F:\ProjectAkhir\MONSILVA\app\build\intermediates\exploded-aar\com.google.android.gms\play-services-vision\8.1.0\jars\classes.jar
java_class_path (initial): C:\Users\DMC\AppData\Local\Android\sdk\build-tools\23.0.1\lib\dx.jar
Launcher Type: SUN_STANDARD

Environment Variables:
PATH=F:\oracle\product\10.2.0\db_1\bin;C:\app\client\DMC\product\12.1.0\client_1;C:\app\client\DMC\product\12.1.0\client_1\bin;F:\app\admin\product\12.1.0\dbhome_1\bin;C:\ProgramData\Oracle\Java\javapath;C:\app\admin\product\12.1.0\dbhome_1\bin;C:\oraclexe\app\oracle\product\11.2.0\server\bin;C:\Windows\system32;C:\Windows;C:\Windows\System32\Wbem;C:\Windows\System32\WindowsPowerShell\v1.0\;C:\Windows\system32\config\systemprofile\.dnx\bin;C:\Program Files\Microsoft DNX\Dnvm\;C:\Program Files\Microsoft SQL Server\130\Tools\Binn\;C:\Program Files (x86)\Windows Kits\8.1\Windows Performance Toolkit\;C:\Program Files\Microsoft SQL Server\110\Tools\Binn\;C:\Program Files (x86)\nodejs\;C:\Ruby23-x64\bin;C:\Ruby23-x64\bin;C:\Users\DMC\AppData\Roaming\npm
USERNAME=DMC
OS=Windows_NT
PROCESSOR_IDENTIFIER=Intel64 Family 6 Model 69 Stepping 1, GenuineIntel



---------------  S Y S T E M  ---------------

OS: Windows 10.0 , 64 bit Build 10240 (10.0.10240.16384)

CPU:total 4 (2 cores per cpu, 2 threads per core) family 6 model 69 stepping 1, cmov, cx8, fxsr, mmx, sse, sse2, sse3, ssse3, sse4.1, sse4.2, popcnt, avx, avx2, aes, clmul, erms, lzcnt, ht, tsc, tscinvbit, bmi1, bmi2

Memory: 4k page, physical 8313008k(1436172k free), swap 8313008k(9712k free)

vm_info: Java HotSpot(TM) 64-Bit Server VM (25.91-b14) for windows-amd64 JRE (1.8.0_91-b14), built on Apr  1 2016 00:58:32 by "java_re" with MS VC++ 10.0 (VS2010)

time: Wed Jun 15 11:11:56 2016
elapsed time: 0 seconds (0d 0h 0m 0s)

