#
# There is insufficient memory for the Java Runtime Environment to continue.
# Native memory allocation (malloc) failed to allocate 930976 bytes for Chunk::new
# Possible reasons:
#   The system is out of physical RAM or swap space
#   In 32 bit mode, the process size limit was hit
# Possible solutions:
#   Reduce memory load on the system
#   Increase physical memory or swap space
#   Check if swap backing store is full
#   Use 64 bit Java on a 64 bit OS
#   Decrease Java heap size (-Xmx/-Xms)
#   Decrease number of Java threads
#   Decrease Java thread stack sizes (-Xss)
#   Set larger code cache with -XX:ReservedCodeCacheSize=
# This output file may be truncated or incomplete.
#
#  Out of Memory Error (allocation.cpp:390), pid=9592, tid=1004
#
# JRE version: Java(TM) SE Runtime Environment (8.0_91-b14) (build 1.8.0_91-b14)
# Java VM: Java HotSpot(TM) 64-Bit Server VM (25.91-b14 mixed mode windows-amd64 compressed oops)
# Failed to write core dump. Minidumps are not enabled by default on client versions of Windows
#

---------------  T H R E A D  ---------------

Current thread (0x000000001550d800):  JavaThread "C2 CompilerThread0" daemon [_thread_in_native, id=1004, stack(0x0000000016a60000,0x0000000016b60000)]

Stack: [0x0000000016a60000,0x0000000016b60000]
[error occurred during error reporting (printing stack bounds), id 0xc0000005]

Native frames: (J=compiled Java code, j=interpreted, Vv=VM code, C=native code)


Current CompileTask:
C2:   9308 1477       4       com.android.dx.ssa.SCCP::simulateBranch (666 bytes)


---------------  P R O C E S S  ---------------

Java Threads: ( => current thread )
  0x0000000016fa3000 JavaThread "pool-2-thread-4" [_thread_in_Java, id=5768, stack(0x0000000017760000,0x0000000017860000)]
  0x0000000016f95000 JavaThread "pool-2-thread-2" [_thread_in_vm, id=5468, stack(0x0000000017560000,0x0000000017660000)]
  0x0000000016f92000 JavaThread "pool-3-thread-1" [_thread_blocked, id=2348, stack(0x0000000017460000,0x0000000017560000)]
  0x0000000016f9c000 JavaThread "pool-2-thread-1" [_thread_in_Java, id=6640, stack(0x0000000017360000,0x0000000017460000)]
  0x0000000016d89800 JavaThread "Service Thread" daemon [_thread_blocked, id=3920, stack(0x0000000017160000,0x0000000017260000)]
  0x0000000015537800 JavaThread "C1 CompilerThread2" daemon [_thread_blocked, id=7300, stack(0x0000000016c60000,0x0000000016d60000)]
  0x0000000015510800 JavaThread "C2 CompilerThread1" daemon [_thread_in_native, id=10420, stack(0x0000000016b60000,0x0000000016c60000)]
=>0x000000001550d800 JavaThread "C2 CompilerThread0" daemon [_thread_in_native, id=1004, stack(0x0000000016a60000,0x0000000016b60000)]
  0x000000001550b800 JavaThread "Attach Listener" daemon [_thread_blocked, id=12764, stack(0x0000000016960000,0x0000000016a60000)]
  0x000000001550a000 JavaThread "Signal Dispatcher" daemon [_thread_blocked, id=6648, stack(0x0000000016860000,0x0000000016960000)]
  0x00000000154fa000 JavaThread "Finalizer" daemon [_thread_blocked, id=13988, stack(0x0000000016760000,0x0000000016860000)]
  0x00000000154d9000 JavaThread "Reference Handler" daemon [_thread_blocked, id=7584, stack(0x0000000016660000,0x0000000016760000)]
  0x0000000002c3d800 JavaThread "main" [_thread_blocked, id=11764, stack(0x0000000002c40000,0x0000000002d40000)]

Other Threads:
  0x00000000154d7800 VMThread [stack: 0x0000000016560000,0x0000000016660000] [id=6164]
  0x0000000016d9d000 WatcherThread [stack: 0x0000000017260000,0x0000000017360000] [id=9340]

VM state:not at safepoint (normal execution)

VM Mutex/Monitor currently owned by a thread: None

Heap:
 PSYoungGen      total 38400K, used 20390K [0x00000000eab00000, 0x00000000ed580000, 0x0000000100000000)
  eden space 33280K, 45% used [0x00000000eab00000,0x00000000eb9f1870,0x00000000ecb80000)
  from space 5120K, 99% used [0x00000000ed080000,0x00000000ed578048,0x00000000ed580000)
  to   space 5120K, 0% used [0x00000000ecb80000,0x00000000ecb80000,0x00000000ed080000)
 ParOldGen       total 87552K, used 6416K [0x00000000c0000000, 0x00000000c5580000, 0x00000000eab00000)
  object space 87552K, 7% used [0x00000000c0000000,0x00000000c06440a8,0x00000000c5580000)
 Metaspace       used 6033K, capacity 7024K, committed 7296K, reserved 1056768K
  class space    used 590K, capacity 616K, committed 640K, reserved 1048576K

Card table byte_map: [0x0000000012200000,0x0000000012410000] byte_map_base: 0x0000000011c00000

Marking Bits: (ParMarkBitMap*) 0x000000006a9b2f70
 Begin Bits: [0x0000000012970000, 0x0000000013970000)
 End Bits:   [0x0000000013970000, 0x0000000014970000)

Polling page: 0x0000000002aa0000

CodeCache: size=245760Kb used=6310Kb max_used=6324Kb free=239449Kb
 bounds [0x0000000002e40000, 0x0000000003480000, 0x0000000011e40000]
 total_blobs=1762 nmethods=1492 adapters=182
 compilation: enabled

Compilation events (10 events):
Event: 9.191 Thread 0x0000000015537800 1514       2       com.android.dx.rop.code.Rops::opIfNe (17 bytes)
Event: 9.191 Thread 0x0000000015537800 nmethod 1514 0x0000000003458bd0 code [0x0000000003458d40, 0x0000000003458ec8]
Event: 9.201 Thread 0x0000000015537800 1515       2       java.util.concurrent.locks.AbstractQueuedSynchronizer::compareAndSetState (13 bytes)
Event: 9.201 Thread 0x0000000015537800 nmethod 1515 0x00000000034587d0 code [0x0000000003458920, 0x0000000003458a90]
Event: 9.203 Thread 0x0000000015537800 1517       2       java.util.HashMap$HashIterator::nextNode (100 bytes)
Event: 9.204 Thread 0x0000000015537800 nmethod 1517 0x000000000344bfd0 code [0x000000000344c160, 0x000000000344c4d8]
Event: 9.262 Thread 0x0000000015510800 nmethod 1468 0x000000000346da10 code [0x000000000346dd00, 0x0000000003470b90]
Event: 9.262 Thread 0x0000000015510800 1466       4       com.android.dx.ssa.SsaMethod::getUseListCopy (56 bytes)
Event: 9.274 Thread 0x0000000015510800 nmethod 1466 0x0000000003452310 code [0x0000000003452480, 0x00000000034529e8]
Event: 9.274 Thread 0x0000000015510800 1459       4       com.android.dx.cf.code.RopperMachine::getSources (264 bytes)

GC Heap History (4 events):
Event: 6.426 GC heap before
{Heap before GC invocations=1 (full 0):
 PSYoungGen      total 38400K, used 33280K [0x00000000eab00000, 0x00000000ed580000, 0x0000000100000000)
  eden space 33280K, 100% used [0x00000000eab00000,0x00000000ecb80000,0x00000000ecb80000)
  from space 5120K, 0% used [0x00000000ed080000,0x00000000ed080000,0x00000000ed580000)
  to   space 5120K, 0% used [0x00000000ecb80000,0x00000000ecb80000,0x00000000ed080000)
 ParOldGen       total 87552K, used 0K [0x00000000c0000000, 0x00000000c5580000, 0x00000000eab00000)
  object space 87552K, 0% used [0x00000000c0000000,0x00000000c0000000,0x00000000c5580000)
 Metaspace       used 5943K, capacity 6960K, committed 7040K, reserved 1056768K
  class space    used 587K, capacity 616K, committed 640K, reserved 1048576K
Event: 6.440 GC heap after
Heap after GC invocations=1 (full 0):
 PSYoungGen      total 38400K, used 5114K [0x00000000eab00000, 0x00000000ed580000, 0x0000000100000000)
  eden space 33280K, 0% used [0x00000000eab00000,0x00000000eab00000,0x00000000ecb80000)
  from space 5120K, 99% used [0x00000000ecb80000,0x00000000ed07eac8,0x00000000ed080000)
  to   space 5120K, 0% used [0x00000000ed080000,0x00000000ed080000,0x00000000ed580000)
 ParOldGen       total 87552K, used 1598K [0x00000000c0000000, 0x00000000c5580000, 0x00000000eab00000)
  object space 87552K, 1% used [0x00000000c0000000,0x00000000c018fb10,0x00000000c5580000)
 Metaspace       used 5943K, capacity 6960K, committed 7040K, reserved 1056768K
  class space    used 587K, capacity 616K, committed 640K, reserved 1048576K
}
Event: 8.488 GC heap before
{Heap before GC invocations=2 (full 0):
 PSYoungGen      total 38400K, used 38394K [0x00000000eab00000, 0x00000000ed580000, 0x0000000100000000)
  eden space 33280K, 100% used [0x00000000eab00000,0x00000000ecb80000,0x00000000ecb80000)
  from space 5120K, 99% used [0x00000000ecb80000,0x00000000ed07eac8,0x00000000ed080000)
  to   space 5120K, 0% used [0x00000000ed080000,0x00000000ed080000,0x00000000ed580000)
 ParOldGen       total 87552K, used 1598K [0x00000000c0000000, 0x00000000c5580000, 0x00000000eab00000)
  object space 87552K, 1% used [0x00000000c0000000,0x00000000c018fb10,0x00000000c5580000)
 Metaspace       used 6010K, capacity 7024K, committed 7296K, reserved 1056768K
  class space    used 588K, capacity 616K, committed 640K, reserved 1048576K
Event: 8.911 GC heap after
Heap after GC invocations=2 (full 0):
 PSYoungGen      total 38400K, used 5088K [0x00000000eab00000, 0x00000000ed580000, 0x0000000100000000)
  eden space 33280K, 0% used [0x00000000eab00000,0x00000000eab00000,0x00000000ecb80000)
  from space 5120K, 99% used [0x00000000ed080000,0x00000000ed578048,0x00000000ed580000)
  to   space 5120K, 0% used [0x00000000ecb80000,0x00000000ecb80000,0x00000000ed080000)
 ParOldGen       total 87552K, used 6416K [0x00000000c0000000, 0x00000000c5580000, 0x00000000eab00000)
  object space 87552K, 7% used [0x00000000c0000000,0x00000000c06440a8,0x00000000c5580000)
 Metaspace       used 6010K, capacity 7024K, committed 7296K, reserved 1056768K
  class space    used 588K, capacity 616K, committed 640K, reserved 1048576K
}

Deoptimization events (10 events):
Event: 5.308 Thread 0x0000000002c3d800 Uncommon trap: reason=unstable_if action=reinterpret pc=0x0000000003082d5c method=java.lang.String.<init>([CII)V @ 18
Event: 5.367 Thread 0x0000000016f95000 Uncommon trap: reason=unstable_if action=reinterpret pc=0x00000000031a5994 method=com.android.dx.rop.code.RegisterSpecSet.put(Lcom/android/dx/rop/code/RegisterSpec;)V @ 77
Event: 6.452 Thread 0x0000000002c3d800 Uncommon trap: reason=unloaded action=reinterpret pc=0x00000000032fac78 method=com.android.dx.cf.cst.ConstantPoolParser.parse0(ILjava/util/BitSet;)Lcom/android/dx/rop/cst/Constant; @ 220
Event: 6.542 Thread 0x0000000016fa1000 Uncommon trap: reason=unstable_if action=reinterpret pc=0x00000000032815dc method=com.android.dx.ssa.SsaMethod.updateOneDefinition(Lcom/android/dx/ssa/SsaInsn;Lcom/android/dx/rop/code/RegisterSpec;)V @ 4
Event: 7.661 Thread 0x0000000016fa3000 Uncommon trap: reason=bimorphic action=maybe_recompile pc=0x00000000033cbad0 method=com.android.dx.cf.code.BytecodeArray.parseInstruction(ILcom/android/dx/cf/code/BytecodeArray$Visitor;)I @ 907
Event: 7.662 Thread 0x0000000016fa3000 Uncommon trap: reason=bimorphic action=maybe_recompile pc=0x00000000033cbad0 method=com.android.dx.cf.code.BytecodeArray.parseInstruction(ILcom/android/dx/cf/code/BytecodeArray$Visitor;)I @ 907
Event: 7.680 Thread 0x0000000016f9c000 Uncommon trap: reason=uninitialized action=reinterpret pc=0x00000000033cb884 method=com.android.dx.cf.code.BytecodeArray.parseInstruction(ILcom/android/dx/cf/code/BytecodeArray$Visitor;)I @ 1095
Event: 7.685 Thread 0x0000000016f9c000 Uncommon trap: reason=bimorphic action=maybe_recompile pc=0x000000000309e804 method=java.util.HashMap.getNode(ILjava/lang/Object;)Ljava/util/HashMap$Node; @ 126
Event: 7.685 Thread 0x0000000016f9c000 Uncommon trap: reason=bimorphic action=maybe_recompile pc=0x000000000309e804 method=java.util.HashMap.getNode(ILjava/lang/Object;)Ljava/util/HashMap$Node; @ 126
Event: 9.009 Thread 0x0000000016fa3000 Uncommon trap: reason=unstable_if action=reinterpret pc=0x00000000032f9884 method=java.util.HashMap.putVal(ILjava/lang/Object;Ljava/lang/Object;ZZ)Ljava/lang/Object; @ 94

Internal exceptions (2 events):
Event: 0.075 Thread 0x0000000002c3d800 Exception <a 'java/lang/NoSuchMethodError': Method sun.misc.Unsafe.defineClass(Ljava/lang/String;[BII)Ljava/lang/Class; name or signature does not match> (0x00000000eab07cc0) thrown at [C:\re\workspace\8-2-build-windows-amd64-cygwin\jdk8u91\6644\hotspot\srระ6ณ?
Event: 0.075 Thread 0x0000000002c3d800 Exception <a 'java/lang/NoSuchMethodError': Method sun.misc.Unsafe.prefetchRead(Ljava/lang/Object;J)V name or signature does not match> (0x00000000eab07fa8) thrown at [C:\re\workspace\8-2-build-windows-amd64-cygwin\jdk8u91\6644\hotspot\src\share\vm\prims\j

Events (10 events):
Event: 8.217 Executing VM operation: ParallelGCFailedAllocation
Event: 8.911 Executing VM operation: ParallelGCFailedAllocation done
Event: 9.009 Thread 0x0000000016fa3000 Uncommon trap: trap_request=0xffffff65 fr.pc=0x00000000032f9884
Event: 9.009 Thread 0x0000000016fa3000 DEOPT PACKING pc=0x00000000032f9884 sp=0x000000001785e4a0
Event: 9.010 Thread 0x0000000016fa3000 DEOPT UNPACKING pc=0x0000000002e8582a sp=0x000000001785e420 mode 2
Event: 9.187 loading class java/util/HashMap$KeySet
Event: 9.187 loading class java/util/HashMap$KeySet done
Event: 9.217 loading class java/util/HashMap$KeyIterator
Event: 9.217 loading class java/util/HashMap$KeyIterator done
Event: 9.227 Thread 0x0000000016fa1000 Thread exited: 0x0000000016fa1000


Dynamic libraries:
0x00007ff6d4320000 - 0x00007ff6d4357000 	C:\Program Files\Java\jdk1.8.0_91\bin\java.exe
0x00007ffcc9160000 - 0x00007ffcc9322000 	C:\Windows\SYSTEM32\ntdll.dll
0x00007ffcc5740000 - 0x00007ffcc57ed000 	C:\Windows\system32\KERNEL32.DLL
0x00007ffcb5b40000 - 0x00007ffcb5b73000 	C:\Program Files (x86)\AVG\Av\avghooka.dll
0x00007ffcc5430000 - 0x00007ffcc560d000 	C:\Windows\system32\KERNELBASE.dll
0x00007ffcc77b0000 - 0x00007ffcc7856000 	C:\Windows\system32\ADVAPI32.dll
0x00007ffcc7990000 - 0x00007ffcc7a2d000 	C:\Windows\system32\msvcrt.dll
0x00007ffcc5980000 - 0x00007ffcc59db000 	C:\Windows\system32\sechost.dll
0x00007ffcc7e10000 - 0x00007ffcc7f36000 	C:\Windows\system32\RPCRT4.dll
0x00007ffcc7a30000 - 0x00007ffcc7b7e000 	C:\Windows\system32\USER32.dll
0x00007ffcc57f0000 - 0x00007ffcc5975000 	C:\Windows\system32\GDI32.dll
0x00007ffcb0990000 - 0x00007ffcb0c04000 	C:\Windows\WinSxS\amd64_microsoft.windows.common-controls_6595b64144ccf1df_6.0.10240.16384_none_f41f7b285750ef43\COMCTL32.dll
0x00007ffcc7870000 - 0x00007ffcc78a6000 	C:\Windows\system32\IMM32.DLL
0x00007ffcc7420000 - 0x00007ffcc757c000 	C:\Windows\system32\MSCTF.dll
0x000000006a0c0000 - 0x000000006a192000 	C:\Program Files\Java\jdk1.8.0_91\jre\bin\msvcr100.dll
0x000000006a1a0000 - 0x000000006aa33000 	C:\Program Files\Java\jdk1.8.0_91\jre\bin\server\jvm.dll
0x00007ffcc59f0000 - 0x00007ffcc59f8000 	C:\Windows\system32\PSAPI.DLL
0x00007ffcb9c50000 - 0x00007ffcb9c59000 	C:\Windows\SYSTEM32\WSOCK32.dll
0x00007ffcc5d30000 - 0x00007ffcc5d99000 	C:\Windows\system32\WS2_32.dll
0x00007ffcc59e0000 - 0x00007ffcc59e8000 	C:\Windows\system32\NSI.dll
0x00007ffcbaa40000 - 0x00007ffcbaa63000 	C:\Windows\SYSTEM32\WINMM.dll
0x00007ffcbafd0000 - 0x00007ffcbafda000 	C:\Windows\SYSTEM32\VERSION.dll
0x00007ffcbaa10000 - 0x00007ffcbaa3c000 	C:\Windows\SYSTEM32\WINMMBASE.dll
0x00007ffcc4cf0000 - 0x00007ffcc4d34000 	C:\Windows\system32\cfgmgr32.dll
0x00007ffcc3240000 - 0x00007ffcc3267000 	C:\Windows\SYSTEM32\DEVOBJ.dll
0x000000006a070000 - 0x000000006a07f000 	C:\Program Files\Java\jdk1.8.0_91\jre\bin\verify.dll
0x000000006a040000 - 0x000000006a069000 	C:\Program Files\Java\jdk1.8.0_91\jre\bin\java.dll
0x000000006a020000 - 0x000000006a036000 	C:\Program Files\Java\jdk1.8.0_91\jre\bin\zip.dll
0x00007ffcc5da0000 - 0x00007ffcc72c5000 	C:\Windows\system32\SHELL32.dll
0x00007ffcc4e00000 - 0x00007ffcc5428000 	C:\Windows\system32\windows.storage.dll
0x00007ffcc5a00000 - 0x00007ffcc5c7c000 	C:\Windows\system32\combase.dll
0x00007ffcc7580000 - 0x00007ffcc75d1000 	C:\Windows\system32\shlwapi.dll
0x00007ffcc4990000 - 0x00007ffcc499f000 	C:\Windows\system32\kernel.appcore.dll
0x00007ffcc4d40000 - 0x00007ffcc4df3000 	C:\Windows\system32\shcore.dll
0x00007ffcc49a0000 - 0x00007ffcc49ea000 	C:\Windows\system32\powrprof.dll
0x00007ffcc49f0000 - 0x00007ffcc4a03000 	C:\Windows\system32\profapi.dll

VM Arguments:
jvm_args: -Djava.awt.headless=true -Xmx1024M -Dfile.encoding=windows-1252 -Duser.country=US -Duser.language=en -Duser.variant 
java_command: com.android.dx.command.Main --dex --force-jumbo --num-threads=4 --multi-dex --output F:\ProjectAkhir\MONSILVA\app\build\intermediates\transforms\dex\debug\folders\1000\10\com.google.android.gms-play-services-measurement-8.1.0_9bc6964f0a6e1d20068a4cefd84dfa3083d88969 F:\ProjectAkhir\MONSILVA\app\build\intermediates\exploded-aar\com.google.android.gms\play-services-measurement\8.1.0\jars\classes.jar
java_class_path (initial): C:\Users\DMC\AppData\Local\Android\sdk\build-tools\23.0.1\lib\dx.jar
Launcher Type: SUN_STANDARD

Environment Variables:
PATH=F:\oracle\product\10.2.0\db_1\bin;C:\app\client\DMC\product\12.1.0\client_1;C:\app\client\DMC\product\12.1.0\client_1\bin;F:\app\admin\product\12.1.0\dbhome_1\bin;C:\ProgramData\Oracle\Java\javapath;C:\app\admin\product\12.1.0\dbhome_1\bin;C:\oraclexe\app\oracle\product\11.2.0\server\bin;C:\Windows\system32;C:\Windows;C:\Windows\System32\Wbem;C:\Windows\System32\WindowsPowerShell\v1.0\;C:\Users\DMC\.dnx\bin;C:\Program Files\Microsoft DNX\Dnvm\;C:\Program Files\Microsoft SQL Server\130\Tools\Binn\;C:\Program Files (x86)\Windows Kits\8.1\Windows Performance Toolkit\;C:\Program Files\Microsoft SQL Server\110\Tools\Binn\;C:\Program Files (x86)\nodejs\;C:\Ruby23-x64\bin;C:\Ruby23-x64\bin;C:\Users\DMC\AppData\Roaming\npm
USERNAME=DMC
OS=Windows_NT
PROCESSOR_IDENTIFIER=Intel64 Family 6 Model 69 Stepping 1, GenuineIntel



---------------  S Y S T E M  ---------------

OS: Windows 10.0 , 64 bit Build 10240 (10.0.10240.16384)

CPU:total 4 (2 cores per cpu, 2 threads per core) family 6 model 69 stepping 1, cmov, cx8, fxsr, mmx, sse, sse2, sse3, ssse3, sse4.1, sse4.2, popcnt, avx, avx2, aes, clmul, erms, lzcnt, ht, tsc, tscinvbit, bmi1, bmi2

Memory: 4k page, physical 8313008k(1416320k free), swap 8313008k(5424k free)

vm_info: Java HotSpot(TM) 64-Bit Server VM (25.91-b14) for windows-amd64 JRE (1.8.0_91-b14), built on Apr  1 2016 00:58:32 by "java_re" with MS VC++ 10.0 (VS2010)

time: Wed Jun 15 00:21:37 2016
elapsed time: 9 seconds (0d 0h 0m 9s)

