JvmtiExport can_access_local_variables 0
JvmtiExport can_hotswap_or_post_breakpoint 0
JvmtiExport can_post_on_exceptions 0
# 293 ciObject found
ciMethod java/lang/Object <init> ()V 4097 1 318883 0 0
ciMethod java/lang/Object hashCode ()I 2049 1 256 0 -1
ciMethod java/lang/Object equals (Ljava/lang/Object;)Z 4097 1 9012 0 -1
ciMethod java/lang/String <init> ([CII)V 2233 1 5413 0 640
ciMethod java/lang/String length ()I 4097 1 10621 0 0
ciMethod java/lang/String charAt (I)C 4097 1 47989 0 128
ciMethod java/lang/String equals (Ljava/lang/Object;)Z 2057 12169 1843 0 -1
ciMethod java/lang/String startsWith (Ljava/lang/String;I)Z 2353 2785 5935 0 384
ciMethod java/lang/String startsWith (Ljava/lang/String;)Z 2369 1 16986 0 320
ciMethod java/lang/String hashCode ()I 2769 32769 1375 0 288
ciMethod java/lang/String indexOf (II)I 1113 27121 917 0 384
ciMethod java/lang/String indexOfSupplementary (II)I 0 0 1 0 -1
ciMethod java/lang/String substring (I)Ljava/lang/String; 1969 1 3057 0 0
ciMethod java/lang/String substring (II)Ljava/lang/String; 2049 1 3923 0 0
ciMethod java/lang/String intern ()Ljava/lang/String; 2049 1 256 0 -1
ciMethod java/lang/System arraycopy (Ljava/lang/Object;ILjava/lang/Object;II)V 5121 1 640 0 -1
ciMethod java/lang/AbstractStringBuilder <init> (I)V 617 1 5110 0 -1
ciMethod java/lang/AbstractStringBuilder append (Ljava/lang/String;)Ljava/lang/AbstractStringBuilder; 953 1 5283 0 -1
ciMethod java/lang/AbstractStringBuilder append (C)Ljava/lang/AbstractStringBuilder; 2449 1 3771 0 -1
ciMethod java/lang/StringBuilder <init> ()V 609 1 4631 0 0
ciMethod java/lang/StringBuilder append (Ljava/lang/String;)Ljava/lang/StringBuilder; 953 1 11093 0 0
ciMethod java/lang/StringBuilder append (C)Ljava/lang/StringBuilder; 2353 1 2729 0 0
ciMethod java/lang/StringBuilder toString ()Ljava/lang/String; 609 1 4645 0 0
ciMethod java/util/HashMap hash (Ljava/lang/Object;)I 2153 1 44105 0 0
ciMethod java/util/HashMap get (Ljava/lang/Object;)Ljava/lang/Object; 3121 1 32332 0 224
ciMethod java/util/HashMap getNode (ILjava/lang/Object;)Ljava/util/HashMap$Node; 2097 41 14284 0 2176
ciMethod java/util/HashMap put (Ljava/lang/Object;Ljava/lang/Object;)Ljava/lang/Object; 3153 1 6148 0 2048
ciMethod java/util/HashMap putVal (ILjava/lang/Object;Ljava/lang/Object;ZZ)Ljava/lang/Object; 2241 209 5513 0 -1
ciMethod java/lang/Math max (II)I 225 1 22320 0 -1
ciMethod java/lang/Math min (II)I 3937 1 25772 0 -1
ciMethod java/util/Arrays copyOf ([JI)[J 9 1 199 0 0
ciMethod java/util/Arrays copyOfRange ([CII)[C 2233 1 5778 0 512
ciMethodData java/lang/Object <init> ()V 2 318883 orig 264 8 193 132 114 0 0 0 0 128 4 41 20 0 0 0 0 32 1 0 0 0 0 0 0 0 0 0 0 0 0 0 0 0 0 0 0 0 0 0 0 0 0 0 0 0 0 0 0 0 0 0 0 0 0 0 0 0 0 0 0 0 0 0 0 0 0 0 0 0 0 0 0 0 0 0 0 0 0 0 0 77 68 79 32 101 120 116 114 97 32 100 97 116 97 32 108 111 99 107 0 0 0 0 0 0 0 0 0 0 0 0 0 0 0 0 0 0 0 0 0 0 0 0 0 0 0 0 0 0 0 0 0 0 0 0 0 0 0 0 0 0 0 0 0 0 0 0 0 0 0 0 0 0 0 0 0 0 0 0 0 0 0 0 0 0 0 0 0 0 0 0 0 0 0 0 0 0 0 0 0 0 0 0 0 1 0 0 0 0 0 0 0 1 0 0 0 0 0 0 0 1 0 0 0 0 0 0 0 0 0 0 0 0 0 0 0 0 2 0 0 25 221 38 0 1 0 0 0 0 0 0 0 0 0 0 0 2 0 0 0 0 0 3 0 1 0 0 0 0 0 0 0 255 255 255 255 0 0 0 0 0 0 0 0 data 0 oops 0
ciMethod java/util/HashMap$TreeNode getTreeNode (ILjava/lang/Object;)Ljava/util/HashMap$TreeNode; 0 0 1 0 -1
ciMethodData java/lang/String charAt (I)C 2 47989 orig 264 8 193 132 114 0 0 0 0 104 61 41 20 0 0 0 0 120 1 0 0 32 0 0 0 0 0 0 0 0 0 0 0 0 0 0 0 0 0 0 0 0 0 0 0 0 0 0 0 0 0 0 0 0 0 0 0 0 0 0 0 0 0 0 0 0 0 0 0 0 0 0 0 0 0 0 0 0 0 0 0 77 68 79 32 101 120 116 114 97 32 100 97 116 97 32 108 111 99 107 0 0 0 0 0 0 0 0 0 0 0 0 0 0 0 0 0 0 0 0 0 0 0 0 0 0 0 0 0 0 0 0 0 0 0 0 0 0 0 0 0 0 0 0 0 0 0 0 0 0 0 0 0 0 0 0 0 0 0 0 0 0 0 0 0 0 0 0 0 0 0 0 0 0 0 0 0 0 0 0 0 0 0 0 0 0 0 0 0 0 0 0 0 0 0 0 0 0 0 0 0 0 0 0 0 0 0 0 0 0 0 0 0 0 0 0 0 0 2 0 0 169 203 5 0 1 0 0 0 0 0 0 0 0 0 0 0 2 0 0 0 0 0 8 0 2 0 0 0 80 0 0 0 255 255 255 255 7 0 1 0 0 0 0 0 data 10 0x10007 0x0 0x40 0xb975 0xa0007 0xb975 0x30 0x0 0x120002 0x0 oops 0
ciMethod java/util/BitSet wordIndex (I)I 2105 1 36420 0 0
ciMethod java/util/BitSet checkInvariants ()V 4097 1 6724 0 32
ciMethod java/util/BitSet ensureCapacity (I)V 153 1 4115 0 0
ciMethod java/util/BitSet expandTo (I)V 2049 1 8849 0 160
ciMethod java/util/BitSet set (I)V 2049 1 5626 0 320
ciMethodData java/lang/String hashCode ()I 2 20775 orig 264 8 193 132 114 0 0 0 0 176 79 41 20 0 0 0 0 152 1 0 0 32 0 0 0 0 0 0 0 0 0 0 0 0 0 0 0 0 0 0 0 0 0 0 0 0 0 0 0 0 0 0 0 0 0 0 0 0 0 0 0 0 0 0 0 0 0 0 0 0 0 0 0 0 0 0 0 0 0 0 0 77 68 79 32 101 120 116 114 97 32 100 97 116 97 32 108 111 99 107 0 0 0 0 0 0 0 0 0 0 0 0 0 0 0 0 0 0 0 0 0 0 0 0 0 0 0 0 0 0 0 0 0 0 0 0 0 0 0 0 0 0 0 0 0 0 0 0 0 0 0 0 0 0 0 0 0 0 0 0 0 0 0 0 0 0 0 0 0 0 0 0 0 0 0 0 0 0 0 0 0 0 0 0 0 0 0 0 0 0 0 0 0 0 0 0 0 0 0 0 0 0 0 0 0 0 0 0 0 0 0 0 0 0 0 0 0 0 16 0 0 41 32 0 0 57 9 2 0 0 0 0 0 0 0 0 0 2 0 0 0 1 0 11 0 2 0 0 0 120 0 0 0 255 255 255 255 7 0 6 0 0 0 0 0 data 15 0x60007 0x11c 0x78 0x2e9 0xe0007 0x1 0x58 0x2e8 0x1e0007 0x2e8 0x38 0x411d 0x2d0003 0x411d 0xffffffffffffffe0 oops 0
ciMethodData java/lang/String indexOf (II)I 2 28033 orig 264 8 193 132 114 0 0 0 0 48 81 41 20 0 0 0 0 16 2 0 0 88 0 0 0 0 0 0 0 0 0 0 0 0 0 0 0 0 0 0 0 0 0 0 0 0 0 0 0 0 0 0 0 0 0 0 0 0 0 0 0 0 0 0 0 0 0 0 0 0 0 0 0 0 0 0 0 0 0 0 0 77 68 79 32 101 120 116 114 97 32 100 97 116 97 32 108 111 99 107 0 0 0 0 0 0 0 0 0 0 0 0 0 0 0 0 0 0 0 0 0 0 0 0 0 0 0 0 0 0 0 0 0 0 0 0 0 0 0 0 0 0 0 0 0 0 0 0 0 0 0 0 0 0 0 0 0 0 0 0 0 0 0 0 0 0 0 0 0 0 0 0 0 0 0 0 0 0 0 0 0 0 0 0 0 0 0 0 0 0 0 0 0 0 0 0 0 0 0 0 0 0 0 0 0 0 0 0 0 0 0 0 0 0 0 0 0 62 13 0 0 81 24 0 0 25 2 3 0 0 0 0 0 0 0 0 0 2 0 0 0 1 0 15 0 2 0 0 0 224 0 0 0 255 255 255 255 7 0 7 0 0 0 0 0 data 28 0x70007 0x30a 0x38 0x0 0xc0003 0x0 0x38 0x110007 0x2c0 0x20 0x4a 0x190007 0x0 0x78 0x2c0 0x280007 0x26e 0x58 0x6095 0x310007 0x6043 0x20 0x52 0x3a0003 0x6043 0xffffffffffffffc0 0x420002 0x0 oops 0
ciMethodData java/lang/String <init> ([CII)V 2 5413 orig 264 8 193 132 114 0 0 0 0 88 49 41 20 0 0 0 0 80 2 0 0 208 0 0 0 0 0 0 0 0 0 0 0 0 0 0 0 0 0 0 0 0 0 0 0 0 0 0 0 0 0 0 0 0 0 0 0 0 0 0 0 0 0 0 0 0 0 0 0 0 0 0 0 0 0 0 0 0 0 0 0 77 68 79 32 101 120 116 114 97 32 100 97 116 97 32 108 111 99 107 0 0 0 0 0 0 0 0 0 0 0 0 0 0 0 0 0 0 0 0 0 0 0 0 0 0 0 0 0 0 0 0 0 0 0 0 0 0 0 0 0 0 0 0 0 0 0 0 0 0 0 0 0 0 0 0 0 0 0 0 0 0 0 0 0 0 0 0 0 0 0 0 0 0 0 0 0 0 0 0 0 0 0 0 0 0 0 0 0 0 0 0 0 0 0 0 0 0 0 0 0 0 0 0 0 0 0 0 0 0 0 0 0 0 0 0 0 23 1 0 0 113 160 0 0 1 0 0 0 0 0 0 0 0 0 0 0 2 0 0 0 0 0 14 0 2 0 0 0 240 0 0 0 255 255 255 255 2 0 1 0 0 0 0 0 data 30 0x10002 0x140e 0x50007 0x140e 0x30 0x0 0xd0002 0x0 0x120007 0x140e 0x70 0x0 0x160007 0x0 0x30 0x0 0x1e0002 0x0 0x250007 0x0 0x20 0x0 0x370007 0x140e 0x30 0x0 0x410002 0x0 0x4b0002 0x140e oops 0
ciMethodData java/util/Arrays copyOfRange ([CII)[C 2 5778 orig 264 8 193 132 114 0 0 0 0 0 123 60 20 0 0 0 0 120 2 0 0 240 0 0 0 0 0 0 0 0 0 0 0 0 0 0 0 0 0 0 0 0 0 0 0 0 0 0 0 0 0 0 0 0 0 0 0 0 0 0 0 0 0 0 0 0 0 0 0 0 0 0 0 0 0 0 0 0 0 0 0 77 68 79 32 101 120 116 114 97 32 100 97 116 97 32 108 111 99 107 0 0 0 0 0 0 0 0 0 0 0 0 0 0 0 0 0 0 0 0 0 0 0 0 0 0 0 0 0 0 0 0 0 0 0 0 0 0 0 0 0 0 0 0 0 0 0 0 0 0 0 0 0 0 0 0 0 0 0 0 0 0 0 0 0 0 0 0 0 0 0 0 0 0 0 0 0 0 0 0 0 0 0 0 0 0 0 0 0 0 0 0 0 0 0 0 0 0 0 0 0 0 0 0 0 0 0 0 0 0 0 0 0 0 0 0 0 23 1 0 0 217 171 0 0 1 0 0 0 0 0 0 0 0 0 0 0 2 0 0 0 0 0 9 0 2 0 0 0 32 1 0 0 255 255 255 255 7 0 5 0 0 0 0 0 data 36 0x50007 0x157b 0x100 0x0 0x100002 0x0 0x140005 0x0 0x0 0x0 0x0 0x0 0x190005 0x0 0x0 0x0 0x0 0x0 0x1d0005 0x0 0x0 0x0 0x0 0x0 0x200005 0x0 0x0 0x0 0x0 0x0 0x230002 0x0 0x360002 0x157b 0x390002 0x157b oops 0
ciMethodData java/lang/String length ()I 2 10621 orig 264 8 193 132 114 0 0 0 0 24 60 41 20 0 0 0 0 32 1 0 0 0 0 0 0 0 0 0 0 0 0 0 0 0 0 0 0 0 0 0 0 0 0 0 0 0 0 0 0 0 0 0 0 0 0 0 0 0 0 0 0 0 0 0 0 0 0 0 0 0 0 0 0 0 0 0 0 0 0 0 0 77 68 79 32 101 120 116 114 97 32 100 97 116 97 32 108 111 99 107 0 0 0 0 0 0 0 0 0 0 0 0 0 0 0 0 0 0 0 0 0 0 0 0 0 0 0 0 0 0 0 0 0 0 0 0 0 0 0 0 0 0 0 0 0 0 0 0 0 0 0 0 0 0 0 0 0 0 0 0 0 0 0 0 0 0 0 0 0 0 0 0 0 0 0 0 0 0 0 0 0 0 0 0 0 0 0 0 0 0 0 0 0 0 0 0 0 0 0 0 0 0 0 0 0 0 0 0 0 0 0 0 0 0 0 0 0 0 2 0 0 233 59 1 0 1 0 0 0 0 0 0 0 0 0 0 0 2 0 0 0 0 0 3 0 1 0 0 0 0 0 0 0 255 255 255 255 0 0 0 0 0 0 0 0 data 0 oops 0
ciMethodData java/lang/String startsWith (Ljava/lang/String;I)Z 2 12925 orig 264 8 193 132 114 0 0 0 0 168 77 41 20 0 0 0 0 176 1 0 0 32 0 0 0 0 0 0 0 0 0 0 0 0 0 0 0 0 0 0 0 0 0 0 0 0 0 0 0 0 0 0 0 0 0 0 0 0 0 0 0 0 0 0 0 0 0 0 0 0 0 0 0 0 0 0 0 0 0 0 0 77 68 79 32 101 120 116 114 97 32 100 97 116 97 32 108 111 99 107 0 0 0 0 0 0 0 0 0 0 0 0 0 0 0 0 0 0 0 0 0 0 0 0 0 0 0 0 0 0 0 0 0 0 0 0 0 0 0 0 0 0 0 0 0 0 0 0 0 0 0 0 0 0 0 0 0 0 0 0 0 0 0 0 0 0 0 0 0 0 0 0 0 0 0 0 0 0 0 0 0 0 0 0 0 0 0 0 0 0 0 0 0 0 0 0 0 0 0 0 0 0 0 0 0 0 0 0 0 0 0 0 0 0 0 0 0 92 1 0 0 73 176 0 0 9 137 1 0 0 0 0 0 0 0 0 0 2 0 0 0 1 0 13 0 2 0 0 0 128 0 0 0 255 255 255 255 7 0 25 0 0 0 0 0 data 16 0x190007 0x1 0x40 0x1608 0x250007 0x1502 0x20 0x106 0x2f0007 0x177 0x40 0x3126 0x410007 0x1d9b 0xffffffffffffffe0 0x138b oops 0
ciMethodData java/lang/String startsWith (Ljava/lang/String;)Z 2 16986 orig 264 8 193 132 114 0 0 0 0 64 78 41 20 0 0 0 0 128 1 0 0 0 0 0 0 0 0 0 0 0 0 0 0 0 0 0 0 0 0 0 0 0 0 0 0 0 0 0 0 0 0 0 0 0 0 0 0 0 0 0 0 0 0 0 0 0 0 0 0 0 0 0 0 0 0 0 0 0 0 0 0 77 68 79 32 101 120 116 114 97 32 100 97 116 97 32 108 111 99 107 0 0 0 0 0 0 0 0 0 0 0 0 0 0 0 0 0 0 0 0 0 0 0 0 0 0 0 0 0 0 0 0 0 0 0 0 0 0 0 0 0 0 0 0 0 0 0 0 0 0 0 0 0 0 0 0 0 0 0 0 0 0 0 0 0 0 0 0 0 0 0 0 0 0 0 0 0 0 0 0 0 0 0 0 0 0 0 0 0 0 0 0 0 0 0 0 0 0 0 0 0 0 0 0 0 0 0 0 0 0 0 0 0 0 0 0 0 40 1 0 0 145 9 2 0 1 0 0 0 0 0 0 0 0 0 0 0 2 0 0 0 0 0 3 0 2 0 0 0 48 0 0 0 255 255 255 255 5 0 3 0 0 0 0 0 data 6 0x30005 0x2 0x23c9920 0x4130 0x0 0x0 oops 1 2 java/lang/String
ciMethodData java/util/HashMap hash (Ljava/lang/Object;)I 2 44106 orig 264 8 193 132 114 0 0 0 0 208 96 55 20 0 0 0 0 176 1 0 0 32 0 0 0 0 0 0 0 0 0 0 0 0 0 0 0 0 0 0 0 0 0 0 0 0 0 0 0 0 0 0 0 0 0 0 0 0 0 0 0 0 0 0 0 0 0 0 0 0 0 0 0 0 0 0 0 0 0 0 0 77 68 79 32 101 120 116 114 97 32 100 97 116 97 32 108 111 99 107 0 0 0 0 0 0 0 0 0 0 0 0 0 0 0 0 0 0 0 0 0 0 0 0 0 0 0 0 0 0 0 0 0 0 0 0 0 0 0 0 0 0 0 0 0 0 0 0 0 0 0 0 0 0 0 0 0 0 0 0 0 0 0 0 0 0 0 0 0 0 0 0 0 0 0 0 0 0 0 0 0 0 0 0 0 17 0 0 0 0 0 0 0 0 0 0 0 0 0 0 0 0 0 0 0 0 0 0 0 0 0 0 0 0 0 0 0 13 1 0 0 233 89 5 0 1 0 0 0 0 0 0 0 0 0 0 0 2 0 0 0 0 0 6 0 2 0 0 0 104 0 0 0 255 255 255 255 7 0 1 0 0 0 0 0 data 13 0x10007 0xab43 0x38 0x0 0x50003 0x0 0x48 0x90005 0x5fe1 0x14c1cc80 0x14f 0x23c9fe0 0x41 oops 2 9 java/security/CodeSource 11 java/security/ProtectionDomain
ciMethodData java/lang/String substring (II)Ljava/lang/String; 2 3923 orig 264 8 193 132 114 0 0 0 0 104 92 41 20 0 0 0 0 40 2 0 0 208 0 0 0 0 0 0 0 0 0 0 0 0 0 0 0 0 0 0 0 0 0 0 0 0 0 0 0 0 0 0 0 0 0 0 0 0 0 0 0 0 0 0 0 0 0 0 0 0 0 0 0 0 0 0 0 0 0 0 0 77 68 79 32 101 120 116 114 97 32 100 97 116 97 32 108 111 99 107 0 0 0 0 0 0 0 0 0 0 0 0 0 0 0 0 0 0 0 0 0 0 0 0 0 0 0 0 0 0 0 0 0 0 0 0 0 0 0 0 0 0 0 0 0 0 0 0 0 0 0 0 0 0 0 0 0 0 0 0 0 0 0 0 0 0 0 0 0 0 0 0 0 0 0 0 0 0 0 0 0 0 0 0 0 0 0 0 0 0 0 0 0 0 0 0 0 0 0 0 0 0 0 0 0 0 0 0 0 0 0 0 0 0 0 0 0 0 1 0 0 153 114 0 0 1 0 0 0 0 0 0 0 0 0 0 0 2 0 0 0 0 0 15 0 2 0 0 0 248 0 0 0 255 255 255 255 7 0 1 0 0 0 0 0 data 31 0x10007 0xe53 0x30 0x0 0x90002 0x0 0x130007 0xe53 0x30 0x0 0x1b0002 0x0 0x240007 0xe53 0x30 0x0 0x2c0002 0x0 0x310007 0x750 0x58 0x703 0x3a0007 0x5bc 0x38 0x147 0x3e0003 0x147 0x28 0x4b0002 0xd0c oops 0
ciMethodData java/util/HashMap get (Ljava/lang/Object;)Ljava/lang/Object; 2 32332 orig 264 8 193 132 114 0 0 0 0 80 105 55 20 0 0 0 0 200 1 0 0 16 0 0 0 0 0 0 0 0 0 0 0 0 0 0 0 0 0 0 0 0 0 0 0 0 0 0 0 0 0 0 0 0 0 0 0 0 0 0 0 0 0 0 0 0 0 0 0 0 0 0 0 0 0 0 0 0 0 0 0 77 68 79 32 101 120 116 114 97 32 100 97 116 97 32 108 111 99 107 0 0 0 0 0 0 0 0 0 0 0 0 0 0 0 0 0 0 0 0 0 0 0 0 0 0 0 0 0 0 0 0 0 0 0 0 0 0 0 0 0 0 0 0 0 1 0 0 0 0 0 0 0 0 0 0 0 0 0 0 0 0 0 0 0 0 0 0 0 0 0 0 0 0 0 0 0 0 0 0 0 0 0 0 0 17 0 0 0 0 0 0 0 0 0 0 0 0 0 0 0 1 0 0 0 0 0 0 0 0 0 0 0 0 0 0 0 134 1 0 0 49 230 3 0 1 0 0 0 242 44 0 0 0 0 0 0 2 0 0 0 0 0 10 0 2 0 0 0 120 0 0 0 255 255 255 255 2 0 2 0 0 0 0 0 data 15 0x20002 0x7cc6 0x60005 0x9b 0x172d6120 0x7c2d 0x0 0x0 0xb0007 0x5385 0x38 0x294b 0xf0003 0x294d 0x18 oops 1 4 java/util/HashMap
ciMethodData java/util/BitSet wordIndex (I)I 2 36420 orig 264 8 193 132 114 0 0 0 0 16 129 68 20 0 0 0 0 32 1 0 0 0 0 0 0 0 0 0 0 0 0 0 0 0 0 0 0 0 0 0 0 0 0 0 0 0 0 0 0 0 0 0 0 0 0 0 0 0 0 0 0 0 0 0 0 0 0 0 0 0 0 0 0 0 0 0 0 0 0 0 0 77 68 79 32 101 120 116 114 97 32 100 97 116 97 32 108 111 99 107 0 0 0 0 0 0 0 0 0 0 0 0 0 0 0 0 0 0 0 0 0 0 0 0 0 0 0 0 0 0 0 0 0 0 0 0 0 0 0 0 0 0 0 0 0 0 0 0 0 0 0 0 0 0 0 0 0 0 0 0 0 0 0 0 0 0 0 0 0 0 0 0 0 0 0 0 0 0 0 0 0 0 0 0 0 0 0 0 0 0 0 0 0 0 0 0 0 0 0 0 0 0 0 0 0 0 0 0 0 0 0 0 0 0 0 0 0 7 1 0 0 233 105 4 0 1 0 0 0 0 0 0 0 0 0 0 0 2 0 0 0 0 0 3 0 1 0 0 0 0 0 0 0 255 255 255 255 0 0 0 0 0 0 0 0 data 0 oops 0
ciMethodData java/util/BitSet checkInvariants ()V 2 6724 orig 264 8 193 132 114 0 0 0 0 24 130 68 20 0 0 0 0 120 2 0 0 208 0 0 0 0 0 0 0 0 0 0 0 0 0 0 0 0 0 0 0 0 0 0 0 0 0 0 0 0 0 0 0 0 0 0 0 0 0 0 0 0 0 0 0 0 0 0 0 0 0 0 0 0 0 0 0 0 0 0 0 77 68 79 32 101 120 116 114 97 32 100 97 116 97 32 108 111 99 107 0 0 0 0 0 0 0 0 0 0 0 0 0 0 0 0 0 0 0 0 0 0 0 0 0 0 0 0 0 0 0 0 0 0 0 0 0 0 0 0 0 0 0 0 0 0 0 0 0 0 0 0 0 0 0 0 0 0 0 0 0 0 0 0 0 0 0 0 0 0 0 0 0 0 0 0 0 0 0 0 0 0 0 0 0 25 0 0 0 0 0 0 0 0 0 0 0 0 0 0 0 1 0 0 0 0 0 0 0 0 0 0 0 0 0 0 0 0 2 0 0 33 194 0 0 1 0 0 0 0 0 0 0 0 0 0 0 2 0 0 0 0 0 6 0 2 0 0 0 80 1 0 0 255 255 255 255 7 0 3 0 0 0 0 0 data 42 0x30007 0x1844 0x70 0x0 0xa0007 0x0 0x50 0x0 0x1a0007 0x0 0x30 0x0 0x210002 0x0 0x280007 0x1844 0x70 0x0 0x2f0007 0x0 0x40 0x0 0x3b0007 0x0 0x30 0x0 0x420002 0x0 0x490007 0x1844 0x70 0x0 0x550007 0x0 0x50 0x0 0x630007 0x0 0x30 0x0 0x6a0002 0x0 oops 0
ciMethodData java/util/BitSet set (I)V 2 5626 orig 264 8 193 132 114 0 0 0 0 232 143 68 20 0 0 0 0 80 2 0 0 192 0 0 0 0 0 0 0 0 0 0 0 0 0 0 0 0 0 0 0 0 0 0 0 0 0 0 0 0 0 0 0 0 0 0 0 0 0 0 0 0 0 0 0 0 0 0 0 0 0 0 0 0 0 0 0 0 0 0 0 77 68 79 32 101 120 116 114 97 32 100 97 116 97 32 108 111 99 107 0 0 0 0 0 0 0 0 0 0 0 0 0 0 0 0 0 0 0 0 0 0 0 0 0 0 0 0 0 0 0 0 0 0 0 0 0 0 0 0 0 0 0 0 0 0 0 0 0 0 0 0 0 0 0 0 0 0 0 0 0 0 0 0 0 0 0 0 0 0 0 0 0 0 0 0 0 0 0 0 0 0 0 0 0 0 0 0 0 0 0 0 0 0 0 0 0 0 0 0 0 0 0 0 0 0 0 0 0 0 0 0 0 0 0 0 0 0 1 0 0 209 167 0 0 1 0 0 0 0 0 0 0 0 0 0 0 2 0 0 0 0 0 9 0 2 0 0 0 0 1 0 0 255 255 255 255 7 0 1 0 0 0 0 0 data 32 0x10007 0x14fb 0xd0 0x0 0xc0002 0x0 0x110005 0x0 0x0 0x0 0x0 0x0 0x150005 0x0 0x0 0x0 0x0 0x0 0x180005 0x0 0x0 0x0 0x0 0x0 0x1b0002 0x0 0x200002 0x14fb 0x260002 0x14fc 0x360002 0x14fc oops 0
ciMethodData java/util/BitSet expandTo (I)V 2 8849 orig 264 8 193 132 114 0 0 0 0 24 140 68 20 0 0 0 0 88 1 0 0 0 0 0 0 0 0 0 0 0 0 0 0 0 0 0 0 0 0 0 0 0 0 0 0 0 0 0 0 0 0 0 0 0 0 0 0 0 0 0 0 0 0 0 0 0 0 0 0 0 0 0 0 0 0 0 0 0 0 0 0 77 68 79 32 101 120 116 114 97 32 100 97 116 97 32 108 111 99 107 0 0 0 0 0 0 0 0 0 0 0 0 0 0 0 0 0 0 0 0 0 0 0 0 0 0 0 0 0 0 0 0 0 0 0 0 0 0 0 0 0 0 0 0 0 0 0 0 0 0 0 0 0 0 0 0 0 0 0 0 0 0 0 0 0 0 0 0 0 0 0 0 0 0 0 0 0 0 0 0 0 0 0 0 0 0 0 0 0 0 0 0 0 0 0 0 0 0 0 0 0 0 0 0 0 0 0 0 0 0 0 0 0 0 0 0 0 0 1 0 0 137 12 1 0 1 0 0 0 0 0 0 0 0 0 0 0 2 0 0 0 0 0 6 0 2 0 0 0 48 0 0 0 255 255 255 255 7 0 9 0 0 0 0 0 data 6 0x90007 0x1850 0x30 0x943 0xe0002 0x943 oops 0
ciMethodData java/util/BitSet ensureCapacity (I)V 2 4115 orig 264 8 193 132 114 0 0 0 0 112 139 68 20 0 0 0 0 144 1 0 0 0 0 0 0 0 0 0 0 0 0 0 0 0 0 0 0 0 0 0 0 0 0 0 0 0 0 0 0 0 0 0 0 0 0 0 0 0 0 0 0 0 0 0 0 0 0 0 0 0 0 0 0 0 0 0 0 0 0 0 0 77 68 79 32 101 120 116 114 97 32 100 97 116 97 32 108 111 99 107 0 0 0 0 0 0 0 0 0 0 0 0 0 0 0 0 0 0 0 0 0 0 0 0 0 0 0 0 0 0 0 0 0 0 0 0 0 0 0 0 0 0 0 0 0 0 0 0 0 0 0 0 0 0 0 0 0 0 0 0 0 0 0 0 0 0 0 0 0 0 0 0 0 0 0 0 0 0 0 0 0 0 0 0 0 0 0 0 0 0 0 0 0 0 0 0 0 0 0 0 0 0 0 0 0 0 0 0 0 0 0 0 0 0 0 0 0 19 0 0 0 1 128 0 0 1 0 0 0 0 0 0 0 0 0 0 0 2 0 0 0 0 0 15 0 2 0 0 0 64 0 0 0 255 255 255 255 7 0 6 0 0 0 0 0 data 8 0x60007 0xfe6 0x40 0x1a 0x110002 0x1a 0x1b0002 0x1a oops 0
ciMethodData java/lang/String substring (I)Ljava/lang/String; 2 3076 orig 264 8 193 132 114 0 0 0 0 128 91 41 20 0 0 0 0 208 1 0 0 128 0 0 0 0 0 0 0 0 0 0 0 0 0 0 0 0 0 0 0 0 0 0 0 0 0 0 0 0 0 0 0 0 0 0 0 0 0 0 0 0 0 0 0 0 0 0 0 0 0 0 0 0 0 0 0 0 0 0 0 77 68 79 32 101 120 116 114 97 32 100 97 116 97 32 108 111 99 107 0 0 0 0 0 0 0 0 0 0 0 0 0 0 0 0 0 0 0 0 0 0 0 0 0 0 0 0 0 0 0 0 0 0 0 0 0 0 0 0 0 0 0 0 0 0 0 0 0 0 0 0 0 0 0 0 0 0 0 0 0 0 0 0 0 0 0 0 0 0 0 0 0 0 0 0 0 0 0 0 0 0 0 0 0 0 0 0 0 0 0 0 0 0 0 0 0 0 0 0 0 0 0 0 0 0 0 0 0 0 0 0 0 0 0 0 0 246 0 0 0 113 88 0 0 1 0 0 0 0 0 0 0 0 0 0 0 2 0 0 0 0 0 10 0 2 0 0 0 168 0 0 0 255 255 255 255 7 0 1 0 0 0 0 0 data 21 0x10007 0xb0e 0x30 0x0 0x90002 0x0 0x160007 0xb0e 0x30 0x0 0x1e0002 0x0 0x230007 0xb0e 0x38 0x0 0x270003 0x0 0x28 0x340002 0xb0e oops 0
ciMethod com/android/dx/rop/cst/Constant <init> ()V 2665 1 8844 0 0
ciMethod com/android/dx/rop/cst/Constant isCategory2 ()Z 0 0 1 0 -1
ciMethod com/android/dx/rop/cst/CstType <init> (Lcom/android/dx/rop/type/Type;)V 897 1 915 0 0
ciMethod com/android/dx/rop/cst/TypedConstant <init> ()V 3481 1 7168 0 0
ciMethod com/android/dx/util/ByteArray <init> ([BII)V 2049 1 5603 0 0
ciMethod com/android/dx/util/ByteArray size ()I 1249 1 156 0 -1
ciMethod com/android/dx/util/ByteArray slice (II)Lcom/android/dx/util/ByteArray; 4097 1 4451 0 0
ciMethod com/android/dx/util/ByteArray getInt (I)I 873 1 1901 0 0
ciMethod com/android/dx/util/ByteArray getLong (I)J 0 0 2 0 0
ciMethod com/android/dx/util/ByteArray getUnsignedByte (I)I 3561 1 42585 0 224
ciMethod com/android/dx/util/ByteArray getUnsignedShort (I)I 2049 1 16528 0 288
ciMethod com/android/dx/util/ByteArray checkOffsets (II)V 3441 1 7078 0 128
ciMethod com/android/dx/util/ByteArray getByte0 (I)I 2057 1 2265 0 -1
ciMethod com/android/dx/util/ByteArray getUnsignedByte0 (I)I 2281 1 83350 0 96
ciMethod com/android/dx/cf/cst/ConstantPoolParser parse0 (ILjava/util/BitSet;)Lcom/android/dx/rop/cst/Constant; 3401 1 7593 0 0
ciMethod com/android/dx/cf/cst/ConstantPoolParser parseUtf8 (I)Lcom/android/dx/rop/cst/CstString; 2017 1 3579 0 0
ciMethod com/android/dx/rop/cst/CstString utf8BytesToString (Lcom/android/dx/util/ByteArray;)Ljava/lang/String; 1225 52529 1001 0 -1
ciMethod com/android/dx/rop/cst/CstString throwBadUtf8 (II)Ljava/lang/String; 0 0 1 0 -1
ciMethod com/android/dx/rop/cst/CstString <init> (Lcom/android/dx/util/ByteArray;)V 4097 1 3594 0 0
ciMethod com/android/dx/rop/cst/CstString getString ()Ljava/lang/String; 1065 1 133 0 0
ciMethod com/android/dx/rop/cst/CstInteger make (I)Lcom/android/dx/rop/cst/CstInteger; 105 1 941 0 0
ciMethod com/android/dx/rop/cst/CstInteger <init> (I)V 185 1 33 0 -1
ciMethod com/android/dx/rop/cst/CstInteger getValue ()I 2289 1 3383 0 -1
ciMethod com/android/dx/rop/cst/CstFloat make (I)Lcom/android/dx/rop/cst/CstFloat; 25 1 3 0 0
ciMethod com/android/dx/rop/cst/CstFloat <init> (I)V 25 1 3 0 -1
ciMethod com/android/dx/rop/cst/CstLong make (J)Lcom/android/dx/rop/cst/CstLong; 33 1 4 0 0
ciMethod com/android/dx/rop/cst/CstLong <init> (J)V 33 1 4 0 -1
ciMethod com/android/dx/rop/cst/CstDouble make (J)Lcom/android/dx/rop/cst/CstDouble; 0 0 1 0 0
ciMethod com/android/dx/rop/cst/CstDouble <init> (J)V 17 1 2 0 -1
ciMethod com/android/dx/rop/cst/CstFieldRef <init> (Lcom/android/dx/rop/cst/CstType;Lcom/android/dx/rop/cst/CstNat;)V 89 1 296 0 0
ciMethod com/android/dx/rop/cst/CstMemberRef <init> (Lcom/android/dx/rop/cst/CstType;Lcom/android/dx/rop/cst/CstNat;)V 297 1 1576 0 0
ciMethod com/android/dx/rop/cst/CstMemberRef getNat ()Lcom/android/dx/rop/cst/CstNat; 1073 1 134 0 0
ciMethod com/android/dx/rop/cst/CstMethodRef <init> (Lcom/android/dx/rop/cst/CstType;Lcom/android/dx/rop/cst/CstNat;)V 209 1 1213 0 0
ciMethod com/android/dx/rop/cst/CstBaseMethodRef <init> (Lcom/android/dx/rop/cst/CstType;Lcom/android/dx/rop/cst/CstNat;)V 209 1 1279 0 0
ciMethod com/android/dx/rop/cst/CstInterfaceMethodRef <init> (Lcom/android/dx/rop/cst/CstType;Lcom/android/dx/rop/cst/CstNat;)V 721 1 65 0 0
ciMethod com/android/dx/rop/cst/CstNat <init> (Lcom/android/dx/rop/cst/CstString;Lcom/android/dx/rop/cst/CstString;)V 553 1 1459 0 0
ciMethod com/android/dx/rop/cst/CstNat getDescriptor ()Lcom/android/dx/rop/cst/CstString; 1137 1 142 0 0
ciMethod com/android/dx/rop/cst/StdConstantPool getOrNull (I)Lcom/android/dx/rop/cst/Constant; 4097 1 12837 0 96
ciMethod com/android/dx/rop/cst/StdConstantPool set (ILcom/android/dx/rop/cst/Constant;)V 3137 1 6287 0 0
ciMethod com/android/dx/rop/cst/StdConstantPool throwInvalid (I)Lcom/android/dx/rop/cst/Constant; 0 0 1 0 -1
ciMethod com/android/dx/util/MutabilityControl <init> (Z)V 2345 1 22607 0 32
ciMethod com/android/dx/util/MutabilityControl throwIfImmutable ()V 3193 1 112107 0 64
ciMethod com/android/dx/rop/type/Type intern (Ljava/lang/String;)Lcom/android/dx/rop/type/Type; 1305 25577 2774 0 0
ciMethod com/android/dx/rop/type/Type internReturnType (Ljava/lang/String;)Lcom/android/dx/rop/type/Type; 1073 1 372 0 0
ciMethod com/android/dx/rop/type/Type internClassName (Ljava/lang/String;)Lcom/android/dx/rop/type/Type; 689 1 850 0 0
ciMethod com/android/dx/rop/type/Type <init> (Ljava/lang/String;II)V 881 1 583 0 0
ciMethod com/android/dx/rop/type/Type <init> (Ljava/lang/String;I)V 841 1 324 0 0
ciMethod com/android/dx/rop/type/Type getDescriptor ()Ljava/lang/String; 1049 1 131 0 0
ciMethod com/android/dx/rop/type/Type getArrayType ()Lcom/android/dx/rop/type/Type; 73 1 30 0 0
ciMethod com/android/dx/rop/type/Type putIntern (Lcom/android/dx/rop/type/Type;)Lcom/android/dx/rop/type/Type; 857 1 580 0 0
ciMethodData com/android/dx/util/ByteArray getUnsignedByte0 (I)I 2 83350 orig 264 8 193 132 114 0 0 0 0 184 128 108 20 0 0 0 0 40 1 0 0 0 0 0 0 0 0 0 0 0 0 0 0 0 0 0 0 0 0 0 0 0 0 0 0 0 0 0 0 0 0 0 0 0 0 0 0 0 0 0 0 0 0 0 0 0 0 0 0 0 0 0 0 0 0 0 0 0 0 0 0 77 68 79 32 101 120 116 114 97 32 100 97 116 97 32 108 111 99 107 0 0 0 0 0 0 0 0 0 0 0 0 0 0 0 0 0 0 0 0 0 0 0 0 0 0 0 0 0 0 0 0 0 0 0 0 0 0 0 0 0 0 0 0 0 0 0 0 0 0 0 0 0 0 0 0 0 0 0 0 0 0 0 0 0 0 0 0 0 0 0 0 0 0 0 0 0 0 0 0 0 0 0 0 0 1 0 0 0 0 0 0 0 0 0 0 0 0 0 0 0 1 0 0 0 0 0 0 0 0 0 0 0 0 0 0 0 29 1 0 0 201 35 10 0 1 0 0 0 0 0 0 0 0 0 0 0 2 0 0 0 0 0 3 0 1 0 0 0 0 0 0 0 255 255 255 255 0 0 0 0 0 0 0 0 data 0 oops 0
ciMethodData com/android/dx/util/ByteArray checkOffsets (II)V 2 7078 orig 264 8 193 132 114 0 0 0 0 48 127 108 20 0 0 0 0 40 3 0 0 64 0 0 0 0 0 0 0 0 0 0 0 0 0 0 0 0 0 0 0 0 0 0 0 0 0 0 0 0 0 0 0 0 0 0 0 0 0 0 0 0 0 0 0 0 0 0 0 0 0 0 0 0 0 0 0 0 0 0 0 77 68 79 32 101 120 116 114 97 32 100 97 116 97 32 108 111 99 107 0 0 0 0 0 0 0 0 0 0 0 0 0 0 0 0 0 0 0 0 0 0 0 0 0 0 0 0 0 0 0 0 0 0 0 0 0 0 0 0 0 0 0 0 0 0 0 0 0 0 0 0 0 0 0 0 0 0 0 0 0 0 0 0 0 0 0 0 0 0 0 0 0 0 0 0 0 0 0 0 0 0 0 0 0 25 0 0 0 0 0 0 0 0 0 0 0 0 0 0 0 1 0 0 0 0 0 0 0 0 0 0 0 0 0 0 0 145 1 0 0 193 207 0 0 1 0 0 0 0 0 0 0 0 0 0 0 2 0 0 0 0 0 10 0 2 0 0 0 208 1 0 0 255 255 255 255 7 0 1 0 0 0 0 0 data 58 0x10007 0x0 0x60 0x19f8 0x60007 0x0 0x40 0x19f8 0xe0007 0x19f8 0x190 0x0 0x190002 0x0 0x1e0005 0x0 0x0 0x0 0x0 0x0 0x220005 0x0 0x0 0x0 0x0 0x0 0x270005 0x0 0x0 0x0 0x0 0x0 0x2b0005 0x0 0x0 0x0 0x0 0x0 0x300005 0x0 0x0 0x0 0x0 0x0 0x370005 0x0 0x0 0x0 0x0 0x0 0x3a0005 0x0 0x0 0x0 0x0 0x0 0x3d0002 0x0 oops 0
ciMethodData com/android/dx/util/ByteArray getUnsignedByte (I)I 2 42585 orig 264 8 193 132 114 0 0 0 0 112 124 108 20 0 0 0 0 72 1 0 0 0 0 0 0 0 0 0 0 0 0 0 0 0 0 0 0 0 0 0 0 0 0 0 0 0 0 0 0 0 0 0 0 0 0 0 0 0 0 0 0 0 0 0 0 0 0 0 0 0 0 0 0 0 0 0 0 0 0 0 0 77 68 79 32 101 120 116 114 97 32 100 97 116 97 32 108 111 99 107 0 0 0 0 0 0 0 0 0 0 0 0 0 0 0 0 0 0 0 0 0 0 0 0 0 0 0 0 0 0 0 0 0 0 0 0 0 0 0 0 0 0 0 0 0 0 0 0 0 0 0 0 0 0 0 0 0 0 0 0 0 0 0 0 0 0 0 0 0 0 0 0 0 0 0 0 0 0 0 0 0 0 0 0 0 17 0 0 0 0 0 0 0 0 0 0 0 0 0 0 0 1 0 0 0 0 0 0 0 0 0 0 0 0 0 0 0 189 1 0 0 225 36 5 0 1 0 0 0 0 0 0 0 0 0 0 0 2 0 0 0 0 0 3 0 2 0 0 0 32 0 0 0 255 255 255 255 2 0 5 0 0 0 0 0 data 4 0x50002 0xa49c 0xa0002 0xa49d oops 0
ciMethod com/android/dx/rop/type/Prototype intern (Ljava/lang/String;)Lcom/android/dx/rop/type/Prototype; 497 737 1788 0 0
ciMethod com/android/dx/rop/type/Prototype makeParameterArray (Ljava/lang/String;)[Lcom/android/dx/rop/type/Type; 1065 43617 372 0 0
ciMethod com/android/dx/rop/type/Prototype <init> (Ljava/lang/String;Lcom/android/dx/rop/type/Type;Lcom/android/dx/rop/type/StdTypeList;)V 2073 1 2669 0 0
ciMethod com/android/dx/rop/type/Prototype getDescriptor ()Ljava/lang/String; 1433 1 179 0 0
ciMethod com/android/dx/rop/type/Prototype putIntern (Lcom/android/dx/rop/type/Prototype;)Lcom/android/dx/rop/type/Prototype; 2545 1 2669 0 0
ciMethod com/android/dx/rop/type/StdTypeList <init> (I)V 2089 1 3367 0 0
ciMethod com/android/dx/rop/type/StdTypeList set (ILcom/android/dx/rop/type/Type;)V 2769 1 1963 0 0
ciMethod com/android/dx/util/FixedSizeList <init> (I)V 2049 1 5450 0 256
ciMethod com/android/dx/util/FixedSizeList set0 (ILjava/lang/Object;)V 3081 1 59546 0 224
ciMethod com/android/dx/util/FixedSizeList throwIndex (I)Ljava/lang/Object; 0 0 1 0 -1
ciMethodData com/android/dx/util/ByteArray getUnsignedShort (I)I 2 16528 orig 264 8 193 132 114 0 0 0 0 56 125 108 20 0 0 0 0 88 1 0 0 0 0 0 0 0 0 0 0 0 0 0 0 0 0 0 0 0 0 0 0 0 0 0 0 0 0 0 0 0 0 0 0 0 0 0 0 0 0 0 0 0 0 0 0 0 0 0 0 0 0 0 0 0 0 0 0 0 0 0 0 77 68 79 32 101 120 116 114 97 32 100 97 116 97 32 108 111 99 107 0 0 0 0 0 0 0 0 0 0 0 0 0 0 0 0 0 0 0 0 0 0 0 0 0 0 0 0 0 0 0 0 0 0 0 0 0 0 0 0 0 0 0 0 0 0 0 0 0 0 0 0 0 0 0 0 0 0 0 0 0 0 0 0 0 0 0 0 0 0 0 0 0 0 0 0 0 0 0 0 0 0 0 0 0 0 0 0 0 0 0 0 0 0 0 0 0 0 0 0 0 0 0 0 0 0 0 0 0 0 0 0 0 0 0 0 0 0 1 0 0 129 252 1 0 1 0 0 0 0 0 0 0 0 0 0 0 2 0 0 0 0 0 3 0 2 0 0 0 48 0 0 0 255 255 255 255 2 0 5 0 0 0 0 0 data 6 0x50002 0x3f90 0xa0002 0x3f8f 0x140002 0x3f90 oops 0
ciMethodData com/android/dx/util/MutabilityControl throwIfImmutable ()V 2 112107 orig 264 8 193 132 114 0 0 0 0 64 100 109 20 0 0 0 0 80 1 0 0 0 0 0 0 0 0 0 0 0 0 0 0 0 0 0 0 0 0 0 0 0 0 0 0 0 0 0 0 0 0 0 0 0 0 0 0 0 0 0 0 0 0 0 0 0 0 0 0 0 0 0 0 0 0 0 0 0 0 0 0 77 68 79 32 101 120 116 114 97 32 100 97 116 97 32 108 111 99 107 0 0 0 0 0 0 0 0 0 0 0 0 0 0 0 0 0 0 0 0 0 0 0 0 0 0 0 0 0 0 0 0 0 0 0 0 0 0 0 0 0 0 0 0 0 0 0 0 0 0 0 0 0 0 0 0 0 0 0 0 0 0 0 0 0 0 0 0 0 0 0 0 0 0 0 0 0 0 0 0 0 0 0 0 0 25 0 0 0 0 0 0 0 0 0 0 0 0 0 0 0 1 0 0 0 0 0 0 0 0 0 0 0 0 0 0 0 143 1 0 0 225 162 13 0 1 0 0 0 0 0 0 0 0 0 0 0 2 0 0 0 0 0 5 0 2 0 0 0 48 0 0 0 255 255 255 255 7 0 4 0 0 0 0 0 data 6 0x40007 0x1b468 0x30 0x0 0xd0002 0x0 oops 0
ciMethodData com/android/dx/rop/cst/StdConstantPool getOrNull (I)Lcom/android/dx/rop/cst/Constant; 2 12837 orig 264 8 193 132 114 0 0 0 0 104 89 109 20 0 0 0 0 96 1 0 0 0 0 0 0 0 0 0 0 0 0 0 0 0 0 0 0 0 0 0 0 0 0 0 0 0 0 0 0 0 0 0 0 0 0 0 0 0 0 0 0 0 0 0 0 0 0 0 0 0 0 0 0 0 0 0 0 0 0 0 0 77 68 79 32 101 120 116 114 97 32 100 97 116 97 32 108 111 99 107 0 0 0 0 0 0 0 0 0 0 0 0 0 0 0 0 0 0 0 0 0 0 0 0 0 0 0 0 0 0 0 0 0 0 0 0 0 0 0 0 0 0 0 0 0 0 0 0 0 0 0 0 0 0 0 0 0 0 0 0 0 0 0 0 0 0 0 0 0 0 0 0 0 0 0 0 0 0 0 0 0 0 0 0 0 0 0 0 0 0 0 0 0 0 0 0 0 0 0 0 0 0 0 0 0 0 0 0 0 0 0 0 0 0 0 0 0 0 2 0 0 41 129 1 0 1 0 0 0 0 0 0 0 0 0 0 0 2 0 0 0 0 0 5 0 2 0 0 0 16 0 0 0 255 255 255 255 2 0 9 0 0 0 0 0 data 2 0x90002 0x0 oops 0
ciMethodData com/android/dx/rop/cst/Constant <init> ()V 2 8844 orig 264 8 193 132 114 0 0 0 0 152 126 106 20 0 0 0 0 48 1 0 0 0 0 0 0 0 0 0 0 0 0 0 0 0 0 0 0 0 0 0 0 0 0 0 0 0 0 0 0 0 0 0 0 0 0 0 0 0 0 0 0 0 0 0 0 0 0 0 0 0 0 0 0 0 0 0 0 0 0 0 0 77 68 79 32 101 120 116 114 97 32 100 97 116 97 32 108 111 99 107 0 0 0 0 0 0 0 0 0 0 0 0 0 0 0 0 0 0 0 0 0 0 0 0 0 0 0 0 0 0 0 0 0 0 0 0 0 0 0 0 0 0 0 0 0 0 0 0 0 0 0 0 0 0 0 0 0 0 0 0 0 0 0 0 0 0 0 0 0 0 0 0 0 0 0 0 0 0 0 0 0 0 0 0 0 0 0 0 0 0 0 0 0 0 0 0 0 0 0 0 0 0 0 0 0 0 0 0 0 0 0 0 0 0 0 0 0 77 1 0 0 249 9 1 0 1 0 0 0 0 0 0 0 0 0 0 0 2 0 0 0 0 0 3 0 2 0 0 0 16 0 0 0 255 255 255 255 2 0 1 0 0 0 0 0 data 2 0x10002 0x213f oops 0
ciMethodData com/android/dx/util/ByteArray <init> ([BII)V 2 5603 orig 264 8 193 132 114 0 0 0 0 0 117 108 20 0 0 0 0 8 2 0 0 144 0 0 0 0 0 0 0 0 0 0 0 0 0 0 0 0 0 0 0 0 0 0 0 0 0 0 0 0 0 0 0 0 0 0 0 0 0 0 0 0 0 0 0 0 0 0 0 0 0 0 0 0 0 0 0 0 0 0 0 77 68 79 32 101 120 116 114 97 32 100 97 116 97 32 108 111 99 107 0 0 0 0 0 0 0 0 0 0 0 0 0 0 0 0 0 0 0 0 0 0 0 0 0 0 0 0 0 0 0 0 0 0 0 0 0 0 0 0 0 0 0 0 0 0 0 0 0 0 0 0 0 0 0 0 0 0 0 0 0 0 0 0 0 0 0 0 0 0 0 0 0 0 0 0 0 0 0 0 0 0 0 0 0 0 0 0 0 0 0 0 0 0 0 0 0 0 0 0 0 0 0 0 0 0 0 0 0 0 0 0 0 0 0 0 0 0 1 0 0 25 167 0 0 1 0 0 0 0 0 0 0 0 0 0 0 2 0 0 0 0 0 11 0 2 0 0 0 208 0 0 0 255 255 255 255 2 0